<?xml version="1.0" encoding="UTF-8"?>
<testsuite xmlns:xsi="http://www.w3.org/2001/XMLSchema-instance" xsi:noNamespaceSchemaLocation="https://maven.apache.org/surefire/maven-surefire-plugin/xsd/surefire-test-report-3.0.xsd" version="3.0" name="com.velocity.limits.service.LoadLimitServiceTest" time="10.275" tests="9" errors="0" skipped="0" failures="0">
  <properties>
[...]
</properties>
  <testcase name="shouldRejectDailyLimitExceeded" classname="com.velocity.limits.service.LoadLimitServiceTest" time="0.6">
    <system-out><![CDATA[17:46:47.728 [main] INFO org.springframework.test.context.support.AnnotationConfigContextLoaderUtils -- Could not detect default configuration classes for test class [com.velocity.limits.service.LoadLimitServiceTest]: LoadLimitServiceTest does not declare any static, non-private, non-final, nested classes annotated with @Configuration.
17:46:47.859 [main] INFO org.springframework.boot.test.context.SpringBootTestContextBootstrapper -- Found @SpringBootConfiguration com.velocity.limits.VelocityLimitsApplication for test class com.velocity.limits.service.LoadLimitServiceTest

  .   ____          _            __ _ _
 /\\ / ___'_ __ _ _(_)_ __  __ _ \ \ \ \
( ( )\___ | '_ | '_| | '_ \/ _` | \ \ \ \
 \\/  ___)| |_)| | | | | || (_| |  ) ) ) )
  '  |____| .__|_| |_|_| |_\__, | / / / /
 =========|_|==============|___/=/_/_/_/
 :: Spring Boot ::                (v3.1.0)

2025-02-10 17:46:48 INFO  [main] c.v.l.service.LoadLimitServiceTest - Starting LoadLimitServiceTest using Java 17.0.13 with PID 23880 (started by conor in C:\Users\conor\VaultTakeHome)
2025-02-10 17:46:48 DEBUG [main] c.v.l.service.LoadLimitServiceTest - Running with Spring Boot v3.1.0, Spring v6.0.9
2025-02-10 17:46:48 INFO  [main] c.v.l.service.LoadLimitServiceTest - No active profile set, falling back to 1 default profile: "default"
2025-02-10 17:46:52 WARN  [main] o.s.b.a.o.j.JpaBaseConfiguration$JpaWebConfiguration - spring.jpa.open-in-view is enabled by default. Therefore, database queries may be performed during view rendering. Explicitly configure spring.jpa.open-in-view to disable this warning
2025-02-10 17:46:53 INFO  [main] c.v.l.service.LoadLimitServiceTest - Started LoadLimitServiceTest in 5.583 seconds (process running for 6.52)
2025-02-10 17:46:53 INFO  [main] c.v.limits.VelocityLimitsApplication - Using input path: src/main/resources/input.txt
2025-02-10 17:46:53 INFO  [main] c.v.limits.VelocityLimitsApplication - Using output path: output.txt
2025-02-10 17:46:53 DEBUG [main] c.v.limits.service.LoadLimitService - Processing load request: id=15887, customer=528, amount=$3318.47, time=2000-01-01T00:00Z
2025-02-10 17:46:53 DEBUG [main] c.v.limits.service.LoadLimitService - Checking limits for time=2000-01-01T00:00Z, startOfWeek=1999-12-27T00:00Z, endOfWeek=2000-01-02T23:59:59.999999999Z
2025-02-10 17:46:53 DEBUG [main] c.v.limits.service.LoadLimitService - Weekly total for customer=528: current=0, new=3318.47, limit=20000.00
2025-02-10 17:46:53 DEBUG [main] c.v.limits.service.LoadLimitService - Load saved successfully: id=15887, customer=528
2025-02-10 17:46:53 INFO  [main] c.v.limits.service.LoadLimitService - Load accepted: id=15887, customer=528, amount=$3318.47
2025-02-10 17:46:53 DEBUG [main] c.v.limits.service.LoadLimitService - Processing load request: id=30081, customer=154, amount=$1413.18, time=2000-01-01T01:01:22Z
2025-02-10 17:46:53 DEBUG [main] c.v.limits.service.LoadLimitService - Checking limits for time=2000-01-01T01:01:22Z, startOfWeek=1999-12-27T00:00Z, endOfWeek=2000-01-02T23:59:59.999999999Z
2025-02-10 17:46:53 DEBUG [main] c.v.limits.service.LoadLimitService - Weekly total for customer=154: current=0, new=1413.18, limit=20000.00
2025-02-10 17:46:53 DEBUG [main] c.v.limits.service.LoadLimitService - Load saved successfully: id=30081, customer=154
2025-02-10 17:46:53 INFO  [main] c.v.limits.service.LoadLimitService - Load accepted: id=30081, customer=154, amount=$1413.18
2025-02-10 17:46:53 DEBUG [main] c.v.limits.service.LoadLimitService - Processing load request: id=26540, customer=426, amount=$404.56, time=2000-01-01T02:02:44Z
2025-02-10 17:46:53 DEBUG [main] c.v.limits.service.LoadLimitService - Checking limits for time=2000-01-01T02:02:44Z, startOfWeek=1999-12-27T00:00Z, endOfWeek=2000-01-02T23:59:59.999999999Z
2025-02-10 17:46:53 DEBUG [main] c.v.limits.service.LoadLimitService - Weekly total for customer=426: current=0, new=404.56, limit=20000.00
2025-02-10 17:46:53 DEBUG [main] c.v.limits.service.LoadLimitService - Load saved successfully: id=26540, customer=426
2025-02-10 17:46:53 INFO  [main] c.v.limits.service.LoadLimitService - Load accepted: id=26540, customer=426, amount=$404.56
2025-02-10 17:46:53 DEBUG [main] c.v.limits.service.LoadLimitService - Processing load request: id=10694, customer=1, amount=$785.11, time=2000-01-01T03:04:06Z
2025-02-10 17:46:53 DEBUG [main] c.v.limits.service.LoadLimitService - Checking limits for time=2000-01-01T03:04:06Z, startOfWeek=1999-12-27T00:00Z, endOfWeek=2000-01-02T23:59:59.999999999Z
2025-02-10 17:46:53 DEBUG [main] c.v.limits.service.LoadLimitService - Weekly total for customer=1: current=0, new=785.11, limit=20000.00
2025-02-10 17:46:53 DEBUG [main] c.v.limits.service.LoadLimitService - Load saved successfully: id=10694, customer=1
2025-02-10 17:46:53 INFO  [main] c.v.limits.service.LoadLimitService - Load accepted: id=10694, customer=1, amount=$785.11
2025-02-10 17:46:53 DEBUG [main] c.v.limits.service.LoadLimitService - Processing load request: id=15089, customer=205, amount=$2247.28, time=2000-01-01T04:05:28Z
2025-02-10 17:46:53 DEBUG [main] c.v.limits.service.LoadLimitService - Checking limits for time=2000-01-01T04:05:28Z, startOfWeek=1999-12-27T00:00Z, endOfWeek=2000-01-02T23:59:59.999999999Z
2025-02-10 17:46:53 DEBUG [main] c.v.limits.service.LoadLimitService - Weekly total for customer=205: current=0, new=2247.28, limit=20000.00
2025-02-10 17:46:53 DEBUG [main] c.v.limits.service.LoadLimitService - Load saved successfully: id=15089, customer=205
2025-02-10 17:46:53 INFO  [main] c.v.limits.service.LoadLimitService - Load accepted: id=15089, customer=205, amount=$2247.28
2025-02-10 17:46:53 DEBUG [main] c.v.limits.service.LoadLimitService - Processing load request: id=3211, customer=409, amount=$314.45, time=2000-01-01T05:06:50Z
2025-02-10 17:46:53 DEBUG [main] c.v.limits.service.LoadLimitService - Checking limits for time=2000-01-01T05:06:50Z, startOfWeek=1999-12-27T00:00Z, endOfWeek=2000-01-02T23:59:59.999999999Z
2025-02-10 17:46:53 DEBUG [main] c.v.limits.service.LoadLimitService - Weekly total for customer=409: current=0, new=314.45, limit=20000.00
2025-02-10 17:46:53 DEBUG [main] c.v.limits.service.LoadLimitService - Load saved successfully: id=3211, customer=409
2025-02-10 17:46:53 INFO  [main] c.v.limits.service.LoadLimitService - Load accepted: id=3211, customer=409, amount=$314.45
2025-02-10 17:46:53 DEBUG [main] c.v.limits.service.LoadLimitService - Processing load request: id=27106, customer=630, amount=$1404.95, time=2000-01-01T06:08:12Z
2025-02-10 17:46:53 DEBUG [main] c.v.limits.service.LoadLimitService - Checking limits for time=2000-01-01T06:08:12Z, startOfWeek=1999-12-27T00:00Z, endOfWeek=2000-01-02T23:59:59.999999999Z
2025-02-10 17:46:53 DEBUG [main] c.v.limits.service.LoadLimitService - Weekly total for customer=630: current=0, new=1404.95, limit=20000.00
2025-02-10 17:46:53 DEBUG [main] c.v.limits.service.LoadLimitService - Load saved successfully: id=27106, customer=630
2025-02-10 17:46:53 INFO  [main] c.v.limits.service.LoadLimitService - Load accepted: id=27106, customer=630, amount=$1404.95
2025-02-10 17:46:53 DEBUG [main] c.v.limits.service.LoadLimitService - Processing load request: id=7528, customer=273, amount=$5862.58, time=2000-01-01T07:09:34Z
2025-02-10 17:46:53 DEBUG [main] c.v.limits.service.LoadLimitService - Checking limits for time=2000-01-01T07:09:34Z, startOfWeek=1999-12-27T00:00Z, endOfWeek=2000-01-02T23:59:59.999999999Z
2025-02-10 17:46:53 DEBUG [main] c.v.limits.service.LoadLimitService - Daily amount limit exceeded: customer=273, current=0, attempted=$5862.58
2025-02-10 17:46:53 WARN  [main] c.v.limits.service.LoadLimitService - Load rejected: id=7528, customer=273, amount=$5862.58 (limit exceeded)
2025-02-10 17:46:53 DEBUG [main] c.v.limits.service.LoadLimitService - Processing load request: id=27947, customer=800, amount=$3382.87, time=2000-01-01T08:10:56Z
2025-02-10 17:46:53 DEBUG [main] c.v.limits.service.LoadLimitService - Checking limits for time=2000-01-01T08:10:56Z, startOfWeek=1999-12-27T00:00Z, endOfWeek=2000-01-02T23:59:59.999999999Z
2025-02-10 17:46:53 DEBUG [main] c.v.limits.service.LoadLimitService - Weekly total for customer=800: current=0, new=3382.87, limit=20000.00
2025-02-10 17:46:53 DEBUG [main] c.v.limits.service.LoadLimitService - Load saved successfully: id=27947, customer=800
2025-02-10 17:46:53 INFO  [main] c.v.limits.service.LoadLimitService - Load accepted: id=27947, customer=800, amount=$3382.87
2025-02-10 17:46:53 DEBUG [main] c.v.limits.service.LoadLimitService - Processing load request: id=20790, customer=647, amount=$3930.15, time=2000-01-01T09:12:18Z
2025-02-10 17:46:53 DEBUG [main] c.v.limits.service.LoadLimitService - Checking limits for time=2000-01-01T09:12:18Z, startOfWeek=1999-12-27T00:00Z, endOfWeek=2000-01-02T23:59:59.999999999Z
2025-02-10 17:46:53 DEBUG [main] c.v.limits.service.LoadLimitService - Weekly total for customer=647: current=0, new=3930.15, limit=20000.00
2025-02-10 17:46:53 DEBUG [main] c.v.limits.service.LoadLimitService - Load saved successfully: id=20790, customer=647
2025-02-10 17:46:53 INFO  [main] c.v.limits.service.LoadLimitService - Load accepted: id=20790, customer=647, amount=$3930.15
2025-02-10 17:46:53 DEBUG [main] c.v.limits.service.LoadLimitService - Processing load request: id=12408, customer=698, amount=$4073.87, time=2000-01-01T10:13:40Z
2025-02-10 17:46:53 DEBUG [main] c.v.limits.service.LoadLimitService - Checking limits for time=2000-01-01T10:13:40Z, startOfWeek=1999-12-27T00:00Z, endOfWeek=2000-01-02T23:59:59.999999999Z
2025-02-10 17:46:53 DEBUG [main] c.v.limits.service.LoadLimitService - Weekly total for customer=698: current=0, new=4073.87, limit=20000.00
2025-02-10 17:46:53 DEBUG [main] c.v.limits.service.LoadLimitService - Load saved successfully: id=12408, customer=698
2025-02-10 17:46:53 INFO  [main] c.v.limits.service.LoadLimitService - Load accepted: id=12408, customer=698, amount=$4073.87
2025-02-10 17:46:53 DEBUG [main] c.v.limits.service.LoadLimitService - Processing load request: id=11429, customer=528, amount=$2253.56, time=2000-01-01T11:15:02Z
2025-02-10 17:46:53 DEBUG [main] c.v.limits.service.LoadLimitService - Checking limits for time=2000-01-01T11:15:02Z, startOfWeek=1999-12-27T00:00Z, endOfWeek=2000-01-02T23:59:59.999999999Z
2025-02-10 17:46:53 DEBUG [main] c.v.limits.service.LoadLimitService - Daily amount limit exceeded: customer=528, current=3318.47, attempted=$2253.56
2025-02-10 17:46:53 WARN  [main] c.v.limits.service.LoadLimitService - Load rejected: id=11429, customer=528, amount=$2253.56 (limit exceeded)
2025-02-10 17:46:53 DEBUG [main] c.v.limits.service.LoadLimitService - Processing load request: id=16631, customer=630, amount=$5114.85, time=2000-01-01T12:16:24Z
2025-02-10 17:46:53 DEBUG [main] c.v.limits.service.LoadLimitService - Checking limits for time=2000-01-01T12:16:24Z, startOfWeek=1999-12-27T00:00Z, endOfWeek=2000-01-02T23:59:59.999999999Z
2025-02-10 17:46:53 DEBUG [main] c.v.limits.service.LoadLimitService - Daily amount limit exceeded: customer=630, current=1404.95, attempted=$5114.85
2025-02-10 17:46:53 WARN  [main] c.v.limits.service.LoadLimitService - Load rejected: id=16631, customer=630, amount=$5114.85 (limit exceeded)
2025-02-10 17:46:53 DEBUG [main] c.v.limits.service.LoadLimitService - Processing load request: id=22413, customer=443, amount=$4030.90, time=2000-01-01T13:17:46Z
2025-02-10 17:46:53 DEBUG [main] c.v.limits.service.LoadLimitService - Checking limits for time=2000-01-01T13:17:46Z, startOfWeek=1999-12-27T00:00Z, endOfWeek=2000-01-02T23:59:59.999999999Z
2025-02-10 17:46:53 DEBUG [main] c.v.limits.service.LoadLimitService - Weekly total for customer=443: current=0, new=4030.90, limit=20000.00
2025-02-10 17:46:53 DEBUG [main] c.v.limits.service.LoadLimitService - Load saved successfully: id=22413, customer=443
2025-02-10 17:46:53 INFO  [main] c.v.limits.service.LoadLimitService - Load accepted: id=22413, customer=443, amount=$4030.90
2025-02-10 17:46:53 DEBUG [main] c.v.limits.service.LoadLimitService - Processing load request: id=10563, customer=749, amount=$3124.33, time=2000-01-01T14:19:08Z
2025-02-10 17:46:53 DEBUG [main] c.v.limits.service.LoadLimitService - Checking limits for time=2000-01-01T14:19:08Z, startOfWeek=1999-12-27T00:00Z, endOfWeek=2000-01-02T23:59:59.999999999Z
2025-02-10 17:46:53 DEBUG [main] c.v.limits.service.LoadLimitService - Weekly total for customer=749: current=0, new=3124.33, limit=20000.00
2025-02-10 17:46:53 DEBUG [main] c.v.limits.service.LoadLimitService - Load saved successfully: id=10563, customer=749
2025-02-10 17:46:53 INFO  [main] c.v.limits.service.LoadLimitService - Load accepted: id=10563, customer=749, amount=$3124.33
2025-02-10 17:46:53 DEBUG [main] c.v.limits.service.LoadLimitService - Processing load request: id=26078, customer=800, amount=$3643.24, time=2000-01-01T15:20:30Z
2025-02-10 17:46:53 DEBUG [main] c.v.limits.service.LoadLimitService - Checking limits for time=2000-01-01T15:20:30Z, startOfWeek=1999-12-27T00:00Z, endOfWeek=2000-01-02T23:59:59.999999999Z
2025-02-10 17:46:53 DEBUG [main] c.v.limits.service.LoadLimitService - Daily amount limit exceeded: customer=800, current=3382.87, attempted=$3643.24
2025-02-10 17:46:53 WARN  [main] c.v.limits.service.LoadLimitService - Load rejected: id=26078, customer=800, amount=$3643.24 (limit exceeded)
2025-02-10 17:46:53 DEBUG [main] c.v.limits.service.LoadLimitService - Processing load request: id=11353, customer=154, amount=$3519.57, time=2000-01-01T16:21:52Z
2025-02-10 17:46:53 DEBUG [main] c.v.limits.service.LoadLimitService - Checking limits for time=2000-01-01T16:21:52Z, startOfWeek=1999-12-27T00:00Z, endOfWeek=2000-01-02T23:59:59.999999999Z
2025-02-10 17:46:54 DEBUG [main] c.v.limits.service.LoadLimitService - Weekly total for customer=154: current=1413.18, new=4932.75, limit=20000.00
2025-02-10 17:46:54 DEBUG [main] c.v.limits.service.LoadLimitService - Load saved successfully: id=11353, customer=154
2025-02-10 17:46:54 INFO  [main] c.v.limits.service.LoadLimitService - Load accepted: id=11353, customer=154, amount=$3519.57
2025-02-10 17:46:54 DEBUG [main] c.v.limits.service.LoadLimitService - Processing load request: id=19189, customer=358, amount=$4821.99, time=2000-01-01T17:23:14Z
2025-02-10 17:46:54 DEBUG [main] c.v.limits.service.LoadLimitService - Checking limits for time=2000-01-01T17:23:14Z, startOfWeek=1999-12-27T00:00Z, endOfWeek=2000-01-02T23:59:59.999999999Z
2025-02-10 17:46:54 DEBUG [main] c.v.limits.service.LoadLimitService - Weekly total for customer=358: current=0, new=4821.99, limit=20000.00
2025-02-10 17:46:54 DEBUG [main] c.v.limits.service.LoadLimitService - Load saved successfully: id=19189, customer=358
2025-02-10 17:46:54 INFO  [main] c.v.limits.service.LoadLimitService - Load accepted: id=19189, customer=358, amount=$4821.99
2025-02-10 17:46:54 DEBUG [main] c.v.limits.service.LoadLimitService - Processing load request: id=18705, customer=1, amount=$3628.88, time=2000-01-01T18:24:36Z
2025-02-10 17:46:54 DEBUG [main] c.v.limits.service.LoadLimitService - Checking limits for time=2000-01-01T18:24:36Z, startOfWeek=1999-12-27T00:00Z, endOfWeek=2000-01-02T23:59:59.999999999Z
2025-02-10 17:46:54 DEBUG [main] c.v.limits.service.LoadLimitService - Weekly total for customer=1: current=785.11, new=4413.99, limit=20000.00
2025-02-10 17:46:54 DEBUG [main] c.v.limits.service.LoadLimitService - Load saved successfully: id=18705, customer=1
2025-02-10 17:46:54 INFO  [main] c.v.limits.service.LoadLimitService - Load accepted: id=18705, customer=1, amount=$3628.88
2025-02-10 17:46:54 DEBUG [main] c.v.limits.service.LoadLimitService - Processing load request: id=25703, customer=647, amount=$5893.55, time=2000-01-01T19:25:58Z
2025-02-10 17:46:54 DEBUG [main] c.v.limits.service.LoadLimitService - Checking limits for time=2000-01-01T19:25:58Z, startOfWeek=1999-12-27T00:00Z, endOfWeek=2000-01-02T23:59:59.999999999Z
2025-02-10 17:46:54 DEBUG [main] c.v.limits.service.LoadLimitService - Daily amount limit exceeded: customer=647, current=3930.15, attempted=$5893.55
2025-02-10 17:46:54 WARN  [main] c.v.limits.service.LoadLimitService - Load rejected: id=25703, customer=647, amount=$5893.55 (limit exceeded)
2025-02-10 17:46:54 DEBUG [main] c.v.limits.service.LoadLimitService - Processing load request: id=20510, customer=18, amount=$526.05, time=2000-01-01T20:27:20Z
2025-02-10 17:46:54 DEBUG [main] c.v.limits.service.LoadLimitService - Checking limits for time=2000-01-01T20:27:20Z, startOfWeek=1999-12-27T00:00Z, endOfWeek=2000-01-02T23:59:59.999999999Z
2025-02-10 17:46:54 DEBUG [main] c.v.limits.service.LoadLimitService - Weekly total for customer=18: current=0, new=526.05, limit=20000.00
2025-02-10 17:46:54 DEBUG [main] c.v.limits.service.LoadLimitService - Load saved successfully: id=20510, customer=18
2025-02-10 17:46:54 INFO  [main] c.v.limits.service.LoadLimitService - Load accepted: id=20510, customer=18, amount=$526.05
2025-02-10 17:46:54 DEBUG [main] c.v.limits.service.LoadLimitService - Processing load request: id=28266, customer=103, amount=$898.28, time=2000-01-01T21:28:42Z
2025-02-10 17:46:54 DEBUG [main] c.v.limits.service.LoadLimitService - Checking limits for time=2000-01-01T21:28:42Z, startOfWeek=1999-12-27T00:00Z, endOfWeek=2000-01-02T23:59:59.999999999Z
2025-02-10 17:46:54 DEBUG [main] c.v.limits.service.LoadLimitService - Weekly total for customer=103: current=0, new=898.28, limit=20000.00
2025-02-10 17:46:54 DEBUG [main] c.v.limits.service.LoadLimitService - Load saved successfully: id=28266, customer=103
2025-02-10 17:46:54 INFO  [main] c.v.limits.service.LoadLimitService - Load accepted: id=28266, customer=103, amount=$898.28
2025-02-10 17:46:54 DEBUG [main] c.v.limits.service.LoadLimitService - Processing load request: id=3202, customer=188, amount=$4347.83, time=2000-01-01T22:30:04Z
2025-02-10 17:46:54 DEBUG [main] c.v.limits.service.LoadLimitService - Checking limits for time=2000-01-01T22:30:04Z, startOfWeek=1999-12-27T00:00Z, endOfWeek=2000-01-02T23:59:59.999999999Z
2025-02-10 17:46:54 DEBUG [main] c.v.limits.service.LoadLimitService - Weekly total for customer=188: current=0, new=4347.83, limit=20000.00
2025-02-10 17:46:54 DEBUG [main] c.v.limits.service.LoadLimitService - Load saved successfully: id=3202, customer=188
2025-02-10 17:46:54 INFO  [main] c.v.limits.service.LoadLimitService - Load accepted: id=3202, customer=188, amount=$4347.83
2025-02-10 17:46:54 DEBUG [main] c.v.limits.service.LoadLimitService - Processing load request: id=31563, customer=783, amount=$143.76, time=2000-01-01T23:31:26Z
2025-02-10 17:46:54 DEBUG [main] c.v.limits.service.LoadLimitService - Checking limits for time=2000-01-01T23:31:26Z, startOfWeek=1999-12-27T00:00Z, endOfWeek=2000-01-02T23:59:59.999999999Z
2025-02-10 17:46:54 DEBUG [main] c.v.limits.service.LoadLimitService - Weekly total for customer=783: current=0, new=143.76, limit=20000.00
2025-02-10 17:46:54 DEBUG [main] c.v.limits.service.LoadLimitService - Load saved successfully: id=31563, customer=783
2025-02-10 17:46:54 INFO  [main] c.v.limits.service.LoadLimitService - Load accepted: id=31563, customer=783, amount=$143.76
2025-02-10 17:46:54 DEBUG [main] c.v.limits.service.LoadLimitService - Processing load request: id=9718, customer=35, amount=$2254.47, time=2000-01-02T00:32:48Z
2025-02-10 17:46:54 DEBUG [main] c.v.limits.service.LoadLimitService - Checking limits for time=2000-01-02T00:32:48Z, startOfWeek=1999-12-27T00:00Z, endOfWeek=2000-01-02T23:59:59.999999999Z
2025-02-10 17:46:54 DEBUG [main] c.v.limits.service.LoadLimitService - Weekly total for customer=35: current=0, new=2254.47, limit=20000.00
2025-02-10 17:46:54 DEBUG [main] c.v.limits.service.LoadLimitService - Load saved successfully: id=9718, customer=35
2025-02-10 17:46:54 INFO  [main] c.v.limits.service.LoadLimitService - Load accepted: id=9718, customer=35, amount=$2254.47
2025-02-10 17:46:54 DEBUG [main] c.v.limits.service.LoadLimitService - Processing load request: id=5577, customer=749, amount=$5074.63, time=2000-01-02T01:34:10Z
2025-02-10 17:46:54 DEBUG [main] c.v.limits.service.LoadLimitService - Checking limits for time=2000-01-02T01:34:10Z, startOfWeek=1999-12-27T00:00Z, endOfWeek=2000-01-02T23:59:59.999999999Z
2025-02-10 17:46:54 DEBUG [main] c.v.limits.service.LoadLimitService - Daily amount limit exceeded: customer=749, current=0, attempted=$5074.63
2025-02-10 17:46:54 WARN  [main] c.v.limits.service.LoadLimitService - Load rejected: id=5577, customer=749, amount=$5074.63 (limit exceeded)
2025-02-10 17:46:54 DEBUG [main] c.v.limits.service.LoadLimitService - Processing load request: id=10420, customer=783, amount=$1186.23, time=2000-01-02T02:35:32Z
2025-02-10 17:46:54 DEBUG [main] c.v.limits.service.LoadLimitService - Checking limits for time=2000-01-02T02:35:32Z, startOfWeek=1999-12-27T00:00Z, endOfWeek=2000-01-02T23:59:59.999999999Z
2025-02-10 17:46:54 DEBUG [main] c.v.limits.service.LoadLimitService - Weekly total for customer=783: current=143.76, new=1329.99, limit=20000.00
2025-02-10 17:46:54 DEBUG [main] c.v.limits.service.LoadLimitService - Load saved successfully: id=10420, customer=783
2025-02-10 17:46:54 INFO  [main] c.v.limits.service.LoadLimitService - Load accepted: id=10420, customer=783, amount=$1186.23
2025-02-10 17:46:54 DEBUG [main] c.v.limits.service.LoadLimitService - Processing load request: id=27137, customer=52, amount=$5431.33, time=2000-01-02T03:36:54Z
2025-02-10 17:46:54 DEBUG [main] c.v.limits.service.LoadLimitService - Checking limits for time=2000-01-02T03:36:54Z, startOfWeek=1999-12-27T00:00Z, endOfWeek=2000-01-02T23:59:59.999999999Z
2025-02-10 17:46:54 DEBUG [main] c.v.limits.service.LoadLimitService - Daily amount limit exceeded: customer=52, current=0, attempted=$5431.33
2025-02-10 17:46:54 WARN  [main] c.v.limits.service.LoadLimitService - Load rejected: id=27137, customer=52, amount=$5431.33 (limit exceeded)
2025-02-10 17:46:54 DEBUG [main] c.v.limits.service.LoadLimitService - Processing load request: id=22059, customer=698, amount=$530.33, time=2000-01-02T04:38:16Z
2025-02-10 17:46:54 DEBUG [main] c.v.limits.service.LoadLimitService - Checking limits for time=2000-01-02T04:38:16Z, startOfWeek=1999-12-27T00:00Z, endOfWeek=2000-01-02T23:59:59.999999999Z
2025-02-10 17:46:54 DEBUG [main] c.v.limits.service.LoadLimitService - Weekly total for customer=698: current=4073.87, new=4604.20, limit=20000.00
2025-02-10 17:46:54 DEBUG [main] c.v.limits.service.LoadLimitService - Load saved successfully: id=22059, customer=698
2025-02-10 17:46:54 INFO  [main] c.v.limits.service.LoadLimitService - Load accepted: id=22059, customer=698, amount=$530.33
2025-02-10 17:46:54 DEBUG [main] c.v.limits.service.LoadLimitService - Processing load request: id=5891, customer=732, amount=$3020.02, time=2000-01-02T05:39:38Z
2025-02-10 17:46:54 DEBUG [main] c.v.limits.service.LoadLimitService - Checking limits for time=2000-01-02T05:39:38Z, startOfWeek=1999-12-27T00:00Z, endOfWeek=2000-01-02T23:59:59.999999999Z
2025-02-10 17:46:54 DEBUG [main] c.v.limits.service.LoadLimitService - Weekly total for customer=732: current=0, new=3020.02, limit=20000.00
2025-02-10 17:46:54 DEBUG [main] c.v.limits.service.LoadLimitService - Load saved successfully: id=5891, customer=732
2025-02-10 17:46:54 INFO  [main] c.v.limits.service.LoadLimitService - Load accepted: id=5891, customer=732, amount=$3020.02
2025-02-10 17:46:54 DEBUG [main] c.v.limits.service.LoadLimitService - Processing load request: id=21336, customer=477, amount=$3725.46, time=2000-01-02T06:41Z
2025-02-10 17:46:54 DEBUG [main] c.v.limits.service.LoadLimitService - Checking limits for time=2000-01-02T06:41Z, startOfWeek=1999-12-27T00:00Z, endOfWeek=2000-01-02T23:59:59.999999999Z
2025-02-10 17:46:54 DEBUG [main] c.v.limits.service.LoadLimitService - Weekly total for customer=477: current=0, new=3725.46, limit=20000.00
2025-02-10 17:46:54 DEBUG [main] c.v.limits.service.LoadLimitService - Load saved successfully: id=21336, customer=477
2025-02-10 17:46:54 INFO  [main] c.v.limits.service.LoadLimitService - Load accepted: id=21336, customer=477, amount=$3725.46
2025-02-10 17:46:54 DEBUG [main] c.v.limits.service.LoadLimitService - Processing load request: id=27940, customer=120, amount=$5065.03, time=2000-01-02T07:42:22Z
2025-02-10 17:46:54 DEBUG [main] c.v.limits.service.LoadLimitService - Checking limits for time=2000-01-02T07:42:22Z, startOfWeek=1999-12-27T00:00Z, endOfWeek=2000-01-02T23:59:59.999999999Z
2025-02-10 17:46:54 DEBUG [main] c.v.limits.service.LoadLimitService - Daily amount limit exceeded: customer=120, current=0, attempted=$5065.03
2025-02-10 17:46:54 WARN  [main] c.v.limits.service.LoadLimitService - Load rejected: id=27940, customer=120, amount=$5065.03 (limit exceeded)
2025-02-10 17:46:54 DEBUG [main] c.v.limits.service.LoadLimitService - Processing load request: id=7843, customer=35, amount=$5522.05, time=2000-01-02T08:43:44Z
2025-02-10 17:46:54 DEBUG [main] c.v.limits.service.LoadLimitService - Checking limits for time=2000-01-02T08:43:44Z, startOfWeek=1999-12-27T00:00Z, endOfWeek=2000-01-02T23:59:59.999999999Z
2025-02-10 17:46:54 DEBUG [main] c.v.limits.service.LoadLimitService - Daily amount limit exceeded: customer=35, current=2254.47, attempted=$5522.05
2025-02-10 17:46:54 WARN  [main] c.v.limits.service.LoadLimitService - Load rejected: id=7843, customer=35, amount=$5522.05 (limit exceeded)
2025-02-10 17:46:54 DEBUG [main] c.v.limits.service.LoadLimitService - Processing load request: id=15425, customer=817, amount=$1813.51, time=2000-01-02T09:45:06Z
2025-02-10 17:46:54 DEBUG [main] c.v.limits.service.LoadLimitService - Checking limits for time=2000-01-02T09:45:06Z, startOfWeek=1999-12-27T00:00Z, endOfWeek=2000-01-02T23:59:59.999999999Z
2025-02-10 17:46:54 DEBUG [main] c.v.limits.service.LoadLimitService - Weekly total for customer=817: current=0, new=1813.51, limit=20000.00
2025-02-10 17:46:54 DEBUG [main] c.v.limits.service.LoadLimitService - Load saved successfully: id=15425, customer=817
2025-02-10 17:46:54 INFO  [main] c.v.limits.service.LoadLimitService - Load accepted: id=15425, customer=817, amount=$1813.51
2025-02-10 17:46:54 DEBUG [main] c.v.limits.service.LoadLimitService - Processing load request: id=21757, customer=256, amount=$5036.87, time=2000-01-02T10:46:28Z
2025-02-10 17:46:54 DEBUG [main] c.v.limits.service.LoadLimitService - Checking limits for time=2000-01-02T10:46:28Z, startOfWeek=1999-12-27T00:00Z, endOfWeek=2000-01-02T23:59:59.999999999Z
2025-02-10 17:46:54 DEBUG [main] c.v.limits.service.LoadLimitService - Daily amount limit exceeded: customer=256, current=0, attempted=$5036.87
2025-02-10 17:46:54 WARN  [main] c.v.limits.service.LoadLimitService - Load rejected: id=21757, customer=256, amount=$5036.87 (limit exceeded)
2025-02-10 17:46:54 DEBUG [main] c.v.limits.service.LoadLimitService - Processing load request: id=15410, customer=171, amount=$2952.85, time=2000-01-02T11:47:50Z
2025-02-10 17:46:54 DEBUG [main] c.v.limits.service.LoadLimitService - Checking limits for time=2000-01-02T11:47:50Z, startOfWeek=1999-12-27T00:00Z, endOfWeek=2000-01-02T23:59:59.999999999Z
2025-02-10 17:46:54 DEBUG [main] c.v.limits.service.LoadLimitService - Weekly total for customer=171: current=0, new=2952.85, limit=20000.00
2025-02-10 17:46:54 DEBUG [main] c.v.limits.service.LoadLimitService - Load saved successfully: id=15410, customer=171
2025-02-10 17:46:54 INFO  [main] c.v.limits.service.LoadLimitService - Load accepted: id=15410, customer=171, amount=$2952.85
2025-02-10 17:46:54 DEBUG [main] c.v.limits.service.LoadLimitService - Processing load request: id=11632, customer=681, amount=$4330.98, time=2000-01-02T12:49:12Z
2025-02-10 17:46:54 DEBUG [main] c.v.limits.service.LoadLimitService - Checking limits for time=2000-01-02T12:49:12Z, startOfWeek=1999-12-27T00:00Z, endOfWeek=2000-01-02T23:59:59.999999999Z
2025-02-10 17:46:54 DEBUG [main] c.v.limits.service.LoadLimitService - Weekly total for customer=681: current=0, new=4330.98, limit=20000.00
2025-02-10 17:46:54 DEBUG [main] c.v.limits.service.LoadLimitService - Load saved successfully: id=11632, customer=681
2025-02-10 17:46:54 INFO  [main] c.v.limits.service.LoadLimitService - Load accepted: id=11632, customer=681, amount=$4330.98
2025-02-10 17:46:54 DEBUG [main] c.v.limits.service.LoadLimitService - Processing load request: id=6591, customer=52, amount=$4885.82, time=2000-01-02T13:50:34Z
2025-02-10 17:46:54 DEBUG [main] c.v.limits.service.LoadLimitService - Checking limits for time=2000-01-02T13:50:34Z, startOfWeek=1999-12-27T00:00Z, endOfWeek=2000-01-02T23:59:59.999999999Z
2025-02-10 17:46:54 DEBUG [main] c.v.limits.service.LoadLimitService - Weekly total for customer=52: current=0, new=4885.82, limit=20000.00
2025-02-10 17:46:54 DEBUG [main] c.v.limits.service.LoadLimitService - Load saved successfully: id=6591, customer=52
2025-02-10 17:46:54 INFO  [main] c.v.limits.service.LoadLimitService - Load accepted: id=6591, customer=52, amount=$4885.82
2025-02-10 17:46:54 DEBUG [main] c.v.limits.service.LoadLimitService - Processing load request: id=23297, customer=579, amount=$592.67, time=2000-01-02T14:51:56Z
2025-02-10 17:46:54 DEBUG [main] c.v.limits.service.LoadLimitService - Checking limits for time=2000-01-02T14:51:56Z, startOfWeek=1999-12-27T00:00Z, endOfWeek=2000-01-02T23:59:59.999999999Z
2025-02-10 17:46:54 DEBUG [main] c.v.limits.service.LoadLimitService - Weekly total for customer=579: current=0, new=592.67, limit=20000.00
2025-02-10 17:46:54 DEBUG [main] c.v.limits.service.LoadLimitService - Load saved successfully: id=23297, customer=579
2025-02-10 17:46:54 INFO  [main] c.v.limits.service.LoadLimitService - Load accepted: id=23297, customer=579, amount=$592.67
2025-02-10 17:46:54 DEBUG [main] c.v.limits.service.LoadLimitService - Processing load request: id=29271, customer=630, amount=$3158.94, time=2000-01-02T15:53:18Z
2025-02-10 17:46:54 DEBUG [main] c.v.limits.service.LoadLimitService - Checking limits for time=2000-01-02T15:53:18Z, startOfWeek=1999-12-27T00:00Z, endOfWeek=2000-01-02T23:59:59.999999999Z
2025-02-10 17:46:54 DEBUG [main] c.v.limits.service.LoadLimitService - Weekly total for customer=630: current=1404.95, new=4563.89, limit=20000.00
2025-02-10 17:46:54 DEBUG [main] c.v.limits.service.LoadLimitService - Load saved successfully: id=29271, customer=630
2025-02-10 17:46:54 INFO  [main] c.v.limits.service.LoadLimitService - Load accepted: id=29271, customer=630, amount=$3158.94
2025-02-10 17:46:54 DEBUG [main] c.v.limits.service.LoadLimitService - Processing load request: id=13802, customer=443, amount=$39.81, time=2000-01-02T16:54:40Z
2025-02-10 17:46:54 DEBUG [main] c.v.limits.service.LoadLimitService - Checking limits for time=2000-01-02T16:54:40Z, startOfWeek=1999-12-27T00:00Z, endOfWeek=2000-01-02T23:59:59.999999999Z
2025-02-10 17:46:54 DEBUG [main] c.v.limits.service.LoadLimitService - Weekly total for customer=443: current=4030.90, new=4070.71, limit=20000.00
2025-02-10 17:46:54 DEBUG [main] c.v.limits.service.LoadLimitService - Load saved successfully: id=13802, customer=443
2025-02-10 17:46:54 INFO  [main] c.v.limits.service.LoadLimitService - Load accepted: id=13802, customer=443, amount=$39.81
2025-02-10 17:46:54 DEBUG [main] c.v.limits.service.LoadLimitService - Processing load request: id=20066, customer=494, amount=$212.70, time=2000-01-02T17:56:02Z
2025-02-10 17:46:54 DEBUG [main] c.v.limits.service.LoadLimitService - Checking limits for time=2000-01-02T17:56:02Z, startOfWeek=1999-12-27T00:00Z, endOfWeek=2000-01-02T23:59:59.999999999Z
2025-02-10 17:46:54 DEBUG [main] c.v.limits.service.LoadLimitService - Weekly total for customer=494: current=0, new=212.70, limit=20000.00
2025-02-10 17:46:54 DEBUG [main] c.v.limits.service.LoadLimitService - Load saved successfully: id=20066, customer=494
2025-02-10 17:46:54 INFO  [main] c.v.limits.service.LoadLimitService - Load accepted: id=20066, customer=494, amount=$212.70
2025-02-10 17:46:54 DEBUG [main] c.v.limits.service.LoadLimitService - Processing load request: id=27086, customer=732, amount=$498.19, time=2000-01-02T18:57:24Z
2025-02-10 17:46:54 DEBUG [main] c.v.limits.service.LoadLimitService - Checking limits for time=2000-01-02T18:57:24Z, startOfWeek=1999-12-27T00:00Z, endOfWeek=2000-01-02T23:59:59.999999999Z
2025-02-10 17:46:54 DEBUG [main] c.v.limits.service.LoadLimitService - Weekly total for customer=732: current=3020.02, new=3518.21, limit=20000.00
2025-02-10 17:46:54 DEBUG [main] c.v.limits.service.LoadLimitService - Load saved successfully: id=27086, customer=732
2025-02-10 17:46:54 INFO  [main] c.v.limits.service.LoadLimitService - Load accepted: id=27086, customer=732, amount=$498.19
2025-02-10 17:46:54 DEBUG [main] c.v.limits.service.LoadLimitService - Processing load request: id=22052, customer=528, amount=$3171.75, time=2000-01-02T19:58:46Z
2025-02-10 17:46:54 DEBUG [main] c.v.limits.service.LoadLimitService - Checking limits for time=2000-01-02T19:58:46Z, startOfWeek=1999-12-27T00:00Z, endOfWeek=2000-01-02T23:59:59.999999999Z
2025-02-10 17:46:54 DEBUG [main] c.v.limits.service.LoadLimitService - Weekly total for customer=528: current=3318.47, new=6490.22, limit=20000.00
2025-02-10 17:46:54 DEBUG [main] c.v.limits.service.LoadLimitService - Load saved successfully: id=22052, customer=528
2025-02-10 17:46:54 INFO  [main] c.v.limits.service.LoadLimitService - Load accepted: id=22052, customer=528, amount=$3171.75
2025-02-10 17:46:54 DEBUG [main] c.v.limits.service.LoadLimitService - Processing load request: id=13710, customer=596, amount=$513.87, time=2000-01-02T21:00:08Z
2025-02-10 17:46:54 DEBUG [main] c.v.limits.service.LoadLimitService - Checking limits for time=2000-01-02T21:00:08Z, startOfWeek=1999-12-27T00:00Z, endOfWeek=2000-01-02T23:59:59.999999999Z
2025-02-10 17:46:54 DEBUG [main] c.v.limits.service.LoadLimitService - Weekly total for customer=596: current=0, new=513.87, limit=20000.00
2025-02-10 17:46:54 DEBUG [main] c.v.limits.service.LoadLimitService - Load saved successfully: id=13710, customer=596
2025-02-10 17:46:54 INFO  [main] c.v.limits.service.LoadLimitService - Load accepted: id=13710, customer=596, amount=$513.87
2025-02-10 17:46:54 DEBUG [main] c.v.limits.service.LoadLimitService - Processing load request: id=25528, customer=834, amount=$1928.18, time=2000-01-02T22:01:30Z
2025-02-10 17:46:54 DEBUG [main] c.v.limits.service.LoadLimitService - Checking limits for time=2000-01-02T22:01:30Z, startOfWeek=1999-12-27T00:00Z, endOfWeek=2000-01-02T23:59:59.999999999Z
2025-02-10 17:46:54 DEBUG [main] c.v.limits.service.LoadLimitService - Weekly total for customer=834: current=0, new=1928.18, limit=20000.00
2025-02-10 17:46:54 DEBUG [main] c.v.limits.service.LoadLimitService - Load saved successfully: id=25528, customer=834
2025-02-10 17:46:54 INFO  [main] c.v.limits.service.LoadLimitService - Load accepted: id=25528, customer=834, amount=$1928.18
2025-02-10 17:46:54 DEBUG [main] c.v.limits.service.LoadLimitService - Processing load request: id=29903, customer=579, amount=$4512.24, time=2000-01-02T23:02:52Z
2025-02-10 17:46:54 DEBUG [main] c.v.limits.service.LoadLimitService - Checking limits for time=2000-01-02T23:02:52Z, startOfWeek=1999-12-27T00:00Z, endOfWeek=2000-01-02T23:59:59.999999999Z
2025-02-10 17:46:54 DEBUG [main] c.v.limits.service.LoadLimitService - Daily amount limit exceeded: customer=579, current=592.67, attempted=$4512.24
2025-02-10 17:46:54 WARN  [main] c.v.limits.service.LoadLimitService - Load rejected: id=29903, customer=579, amount=$4512.24 (limit exceeded)
2025-02-10 17:46:54 DEBUG [main] c.v.limits.service.LoadLimitService - Processing load request: id=21612, customer=800, amount=$3215.32, time=2000-01-03T00:04:14Z
2025-02-10 17:46:54 DEBUG [main] c.v.limits.service.LoadLimitService - Checking limits for time=2000-01-03T00:04:14Z, startOfWeek=2000-01-03T00:00Z, endOfWeek=2000-01-09T23:59:59.999999999Z
2025-02-10 17:46:54 DEBUG [main] c.v.limits.service.LoadLimitService - Weekly total for customer=800: current=0, new=3215.32, limit=20000.00
2025-02-10 17:46:54 DEBUG [main] c.v.limits.service.LoadLimitService - Load saved successfully: id=21612, customer=800
2025-02-10 17:46:54 INFO  [main] c.v.limits.service.LoadLimitService - Load accepted: id=21612, customer=800, amount=$3215.32
2025-02-10 17:46:54 DEBUG [main] c.v.limits.service.LoadLimitService - Processing load request: id=5839, customer=273, amount=$2905.40, time=2000-01-03T01:05:36Z
2025-02-10 17:46:54 DEBUG [main] c.v.limits.service.LoadLimitService - Checking limits for time=2000-01-03T01:05:36Z, startOfWeek=2000-01-03T00:00Z, endOfWeek=2000-01-09T23:59:59.999999999Z
2025-02-10 17:46:54 DEBUG [main] c.v.limits.service.LoadLimitService - Weekly total for customer=273: current=0, new=2905.40, limit=20000.00
2025-02-10 17:46:54 DEBUG [main] c.v.limits.service.LoadLimitService - Load saved successfully: id=5839, customer=273
2025-02-10 17:46:54 INFO  [main] c.v.limits.service.LoadLimitService - Load accepted: id=5839, customer=273, amount=$2905.40
2025-02-10 17:46:54 DEBUG [main] c.v.limits.service.LoadLimitService - Processing load request: id=3051, customer=613, amount=$3580.76, time=2000-01-03T02:06:58Z
2025-02-10 17:46:54 DEBUG [main] c.v.limits.service.LoadLimitService - Checking limits for time=2000-01-03T02:06:58Z, startOfWeek=2000-01-03T00:00Z, endOfWeek=2000-01-09T23:59:59.999999999Z
2025-02-10 17:46:54 DEBUG [main] c.v.limits.service.LoadLimitService - Weekly total for customer=613: current=0, new=3580.76, limit=20000.00
2025-02-10 17:46:54 DEBUG [main] c.v.limits.service.LoadLimitService - Load saved successfully: id=3051, customer=613
2025-02-10 17:46:54 INFO  [main] c.v.limits.service.LoadLimitService - Load accepted: id=3051, customer=613, amount=$3580.76
2025-02-10 17:46:54 DEBUG [main] c.v.limits.service.LoadLimitService - Processing load request: id=1351, customer=681, amount=$3188.44, time=2000-01-03T03:08:20Z
2025-02-10 17:46:54 DEBUG [main] c.v.limits.service.LoadLimitService - Checking limits for time=2000-01-03T03:08:20Z, startOfWeek=2000-01-03T00:00Z, endOfWeek=2000-01-09T23:59:59.999999999Z
2025-02-10 17:46:54 DEBUG [main] c.v.limits.service.LoadLimitService - Weekly total for customer=681: current=0, new=3188.44, limit=20000.00
2025-02-10 17:46:54 DEBUG [main] c.v.limits.service.LoadLimitService - Load saved successfully: id=1351, customer=681
2025-02-10 17:46:54 INFO  [main] c.v.limits.service.LoadLimitService - Load accepted: id=1351, customer=681, amount=$3188.44
2025-02-10 17:46:54 DEBUG [main] c.v.limits.service.LoadLimitService - Processing load request: id=24305, customer=239, amount=$1991.83, time=2000-01-03T04:09:42Z
2025-02-10 17:46:54 DEBUG [main] c.v.limits.service.LoadLimitService - Checking limits for time=2000-01-03T04:09:42Z, startOfWeek=2000-01-03T00:00Z, endOfWeek=2000-01-09T23:59:59.999999999Z
2025-02-10 17:46:54 DEBUG [main] c.v.limits.service.LoadLimitService - Weekly total for customer=239: current=0, new=1991.83, limit=20000.00
2025-02-10 17:46:54 DEBUG [main] c.v.limits.service.LoadLimitService - Load saved successfully: id=24305, customer=239
2025-02-10 17:46:54 INFO  [main] c.v.limits.service.LoadLimitService - Load accepted: id=24305, customer=239, amount=$1991.83
2025-02-10 17:46:54 DEBUG [main] c.v.limits.service.LoadLimitService - Processing load request: id=20090, customer=18, amount=$4616.02, time=2000-01-03T05:11:04Z
2025-02-10 17:46:54 DEBUG [main] c.v.limits.service.LoadLimitService - Checking limits for time=2000-01-03T05:11:04Z, startOfWeek=2000-01-03T00:00Z, endOfWeek=2000-01-09T23:59:59.999999999Z
2025-02-10 17:46:54 DEBUG [main] c.v.limits.service.LoadLimitService - Weekly total for customer=18: current=0, new=4616.02, limit=20000.00
2025-02-10 17:46:54 DEBUG [main] c.v.limits.service.LoadLimitService - Load saved successfully: id=20090, customer=18
2025-02-10 17:46:54 INFO  [main] c.v.limits.service.LoadLimitService - Load accepted: id=20090, customer=18, amount=$4616.02
2025-02-10 17:46:54 DEBUG [main] c.v.limits.service.LoadLimitService - Processing load request: id=27767, customer=137, amount=$5432.31, time=2000-01-03T06:12:26Z
2025-02-10 17:46:54 DEBUG [main] c.v.limits.service.LoadLimitService - Checking limits for time=2000-01-03T06:12:26Z, startOfWeek=2000-01-03T00:00Z, endOfWeek=2000-01-09T23:59:59.999999999Z
2025-02-10 17:46:54 DEBUG [main] c.v.limits.service.LoadLimitService - Daily amount limit exceeded: customer=137, current=0, attempted=$5432.31
2025-02-10 17:46:54 WARN  [main] c.v.limits.service.LoadLimitService - Load rejected: id=27767, customer=137, amount=$5432.31 (limit exceeded)
2025-02-10 17:46:54 DEBUG [main] c.v.limits.service.LoadLimitService - Processing load request: id=4154, customer=477, amount=$5678.22, time=2000-01-03T07:13:48Z
2025-02-10 17:46:54 DEBUG [main] c.v.limits.service.LoadLimitService - Checking limits for time=2000-01-03T07:13:48Z, startOfWeek=2000-01-03T00:00Z, endOfWeek=2000-01-09T23:59:59.999999999Z
2025-02-10 17:46:54 DEBUG [main] c.v.limits.service.LoadLimitService - Daily amount limit exceeded: customer=477, current=0, attempted=$5678.22
2025-02-10 17:46:54 WARN  [main] c.v.limits.service.LoadLimitService - Load rejected: id=4154, customer=477, amount=$5678.22 (limit exceeded)
2025-02-10 17:46:54 DEBUG [main] c.v.limits.service.LoadLimitService - Processing load request: id=1342, customer=392, amount=$1042.08, time=2000-01-03T08:15:10Z
2025-02-10 17:46:54 DEBUG [main] c.v.limits.service.LoadLimitService - Checking limits for time=2000-01-03T08:15:10Z, startOfWeek=2000-01-03T00:00Z, endOfWeek=2000-01-09T23:59:59.999999999Z
2025-02-10 17:46:54 DEBUG [main] c.v.limits.service.LoadLimitService - Weekly total for customer=392: current=0, new=1042.08, limit=20000.00
2025-02-10 17:46:54 DEBUG [main] c.v.limits.service.LoadLimitService - Load saved successfully: id=1342, customer=392
2025-02-10 17:46:54 INFO  [main] c.v.limits.service.LoadLimitService - Load accepted: id=1342, customer=392, amount=$1042.08
2025-02-10 17:46:54 DEBUG [main] c.v.limits.service.LoadLimitService - Processing load request: id=27968, customer=732, amount=$4011.66, time=2000-01-03T09:16:32Z
2025-02-10 17:46:54 DEBUG [main] c.v.limits.service.LoadLimitService - Checking limits for time=2000-01-03T09:16:32Z, startOfWeek=2000-01-03T00:00Z, endOfWeek=2000-01-09T23:59:59.999999999Z
2025-02-10 17:46:54 DEBUG [main] c.v.limits.service.LoadLimitService - Weekly total for customer=732: current=0, new=4011.66, limit=20000.00
2025-02-10 17:46:54 DEBUG [main] c.v.limits.service.LoadLimitService - Load saved successfully: id=27968, customer=732
2025-02-10 17:46:54 INFO  [main] c.v.limits.service.LoadLimitService - Load accepted: id=27968, customer=732, amount=$4011.66
2025-02-10 17:46:54 DEBUG [main] c.v.limits.service.LoadLimitService - Processing load request: id=6535, customer=171, amount=$1904.40, time=2000-01-03T10:17:54Z
2025-02-10 17:46:54 DEBUG [main] c.v.limits.service.LoadLimitService - Checking limits for time=2000-01-03T10:17:54Z, startOfWeek=2000-01-03T00:00Z, endOfWeek=2000-01-09T23:59:59.999999999Z
2025-02-10 17:46:54 DEBUG [main] c.v.limits.service.LoadLimitService - Weekly total for customer=171: current=0, new=1904.40, limit=20000.00
2025-02-10 17:46:54 DEBUG [main] c.v.limits.service.LoadLimitService - Load saved successfully: id=6535, customer=171
2025-02-10 17:46:54 INFO  [main] c.v.limits.service.LoadLimitService - Load accepted: id=6535, customer=171, amount=$1904.40
2025-02-10 17:46:54 DEBUG [main] c.v.limits.service.LoadLimitService - Processing load request: id=25162, customer=69, amount=$1546.57, time=2000-01-03T11:19:16Z
2025-02-10 17:46:54 DEBUG [main] c.v.limits.service.LoadLimitService - Checking limits for time=2000-01-03T11:19:16Z, startOfWeek=2000-01-03T00:00Z, endOfWeek=2000-01-09T23:59:59.999999999Z
2025-02-10 17:46:54 DEBUG [main] c.v.limits.service.LoadLimitService - Weekly total for customer=69: current=0, new=1546.57, limit=20000.00
2025-02-10 17:46:54 DEBUG [main] c.v.limits.service.LoadLimitService - Load saved successfully: id=25162, customer=69
2025-02-10 17:46:54 INFO  [main] c.v.limits.service.LoadLimitService - Load accepted: id=25162, customer=69, amount=$1546.57
2025-02-10 17:46:54 DEBUG [main] c.v.limits.service.LoadLimitService - Processing load request: id=21371, customer=256, amount=$3830.39, time=2000-01-03T12:20:38Z
2025-02-10 17:46:54 DEBUG [main] c.v.limits.service.LoadLimitService - Checking limits for time=2000-01-03T12:20:38Z, startOfWeek=2000-01-03T00:00Z, endOfWeek=2000-01-09T23:59:59.999999999Z
2025-02-10 17:46:54 DEBUG [main] c.v.limits.service.LoadLimitService - Weekly total for customer=256: current=0, new=3830.39, limit=20000.00
2025-02-10 17:46:54 DEBUG [main] c.v.limits.service.LoadLimitService - Load saved successfully: id=21371, customer=256
2025-02-10 17:46:54 INFO  [main] c.v.limits.service.LoadLimitService - Load accepted: id=21371, customer=256, amount=$3830.39
2025-02-10 17:46:54 DEBUG [main] c.v.limits.service.LoadLimitService - Processing load request: id=1513, customer=511, amount=$5197.00, time=2000-01-03T13:22Z
2025-02-10 17:46:54 DEBUG [main] c.v.limits.service.LoadLimitService - Checking limits for time=2000-01-03T13:22Z, startOfWeek=2000-01-03T00:00Z, endOfWeek=2000-01-09T23:59:59.999999999Z
2025-02-10 17:46:54 DEBUG [main] c.v.limits.service.LoadLimitService - Daily amount limit exceeded: customer=511, current=0, attempted=$5197.00
2025-02-10 17:46:54 WARN  [main] c.v.limits.service.LoadLimitService - Load rejected: id=1513, customer=511, amount=$5197.00 (limit exceeded)
2025-02-10 17:46:54 DEBUG [main] c.v.limits.service.LoadLimitService - Processing load request: id=12720, customer=154, amount=$2407.83, time=2000-01-03T14:23:22Z
2025-02-10 17:46:54 DEBUG [main] c.v.limits.service.LoadLimitService - Checking limits for time=2000-01-03T14:23:22Z, startOfWeek=2000-01-03T00:00Z, endOfWeek=2000-01-09T23:59:59.999999999Z
2025-02-10 17:46:54 DEBUG [main] c.v.limits.service.LoadLimitService - Weekly total for customer=154: current=0, new=2407.83, limit=20000.00
2025-02-10 17:46:54 DEBUG [main] c.v.limits.service.LoadLimitService - Load saved successfully: id=12720, customer=154
2025-02-10 17:46:54 INFO  [main] c.v.limits.service.LoadLimitService - Load accepted: id=12720, customer=154, amount=$2407.83
2025-02-10 17:46:54 DEBUG [main] c.v.limits.service.LoadLimitService - Processing load request: id=16984, customer=341, amount=$4682.47, time=2000-01-03T15:24:44Z
2025-02-10 17:46:54 DEBUG [main] c.v.limits.service.LoadLimitService - Checking limits for time=2000-01-03T15:24:44Z, startOfWeek=2000-01-03T00:00Z, endOfWeek=2000-01-09T23:59:59.999999999Z
2025-02-10 17:46:54 DEBUG [main] c.v.limits.service.LoadLimitService - Weekly total for customer=341: current=0, new=4682.47, limit=20000.00
2025-02-10 17:46:54 DEBUG [main] c.v.limits.service.LoadLimitService - Load saved successfully: id=16984, customer=341
2025-02-10 17:46:54 INFO  [main] c.v.limits.service.LoadLimitService - Load accepted: id=16984, customer=341, amount=$4682.47
2025-02-10 17:46:54 DEBUG [main] c.v.limits.service.LoadLimitService - Processing load request: id=16565, customer=171, amount=$4941.62, time=2000-01-03T16:26:06Z
2025-02-10 17:46:54 DEBUG [main] c.v.limits.service.LoadLimitService - Checking limits for time=2000-01-03T16:26:06Z, startOfWeek=2000-01-03T00:00Z, endOfWeek=2000-01-09T23:59:59.999999999Z
2025-02-10 17:46:54 DEBUG [main] c.v.limits.service.LoadLimitService - Daily amount limit exceeded: customer=171, current=1904.40, attempted=$4941.62
2025-02-10 17:46:54 WARN  [main] c.v.limits.service.LoadLimitService - Load rejected: id=16565, customer=171, amount=$4941.62 (limit exceeded)
2025-02-10 17:46:54 DEBUG [main] c.v.limits.service.LoadLimitService - Processing load request: id=23920, customer=494, amount=$1620.48, time=2000-01-03T17:27:28Z
2025-02-10 17:46:54 DEBUG [main] c.v.limits.service.LoadLimitService - Checking limits for time=2000-01-03T17:27:28Z, startOfWeek=2000-01-03T00:00Z, endOfWeek=2000-01-09T23:59:59.999999999Z
2025-02-10 17:46:54 DEBUG [main] c.v.limits.service.LoadLimitService - Weekly total for customer=494: current=0, new=1620.48, limit=20000.00
2025-02-10 17:46:54 DEBUG [main] c.v.limits.service.LoadLimitService - Load saved successfully: id=23920, customer=494
2025-02-10 17:46:54 INFO  [main] c.v.limits.service.LoadLimitService - Load accepted: id=23920, customer=494, amount=$1620.48
2025-02-10 17:46:54 DEBUG [main] c.v.limits.service.LoadLimitService - Processing load request: id=11695, customer=103, amount=$786.66, time=2000-01-03T18:28:50Z
2025-02-10 17:46:54 DEBUG [main] c.v.limits.service.LoadLimitService - Checking limits for time=2000-01-03T18:28:50Z, startOfWeek=2000-01-03T00:00Z, endOfWeek=2000-01-09T23:59:59.999999999Z
2025-02-10 17:46:54 DEBUG [main] c.v.limits.service.LoadLimitService - Weekly total for customer=103: current=0, new=786.66, limit=20000.00
2025-02-10 17:46:54 DEBUG [main] c.v.limits.service.LoadLimitService - Load saved successfully: id=11695, customer=103
2025-02-10 17:46:54 INFO  [main] c.v.limits.service.LoadLimitService - Load accepted: id=11695, customer=103, amount=$786.66
2025-02-10 17:46:54 DEBUG [main] c.v.limits.service.LoadLimitService - Processing load request: id=11456, customer=1, amount=$2566.29, time=2000-01-03T19:30:12Z
2025-02-10 17:46:54 DEBUG [main] c.v.limits.service.LoadLimitService - Checking limits for time=2000-01-03T19:30:12Z, startOfWeek=2000-01-03T00:00Z, endOfWeek=2000-01-09T23:59:59.999999999Z
2025-02-10 17:46:54 DEBUG [main] c.v.limits.service.LoadLimitService - Weekly total for customer=1: current=0, new=2566.29, limit=20000.00
2025-02-10 17:46:54 DEBUG [main] c.v.limits.service.LoadLimitService - Load saved successfully: id=11456, customer=1
2025-02-10 17:46:54 INFO  [main] c.v.limits.service.LoadLimitService - Load accepted: id=11456, customer=1, amount=$2566.29
2025-02-10 17:46:54 DEBUG [main] c.v.limits.service.LoadLimitService - Processing load request: id=30831, customer=715, amount=$5975.77, time=2000-01-03T20:31:34Z
2025-02-10 17:46:54 DEBUG [main] c.v.limits.service.LoadLimitService - Checking limits for time=2000-01-03T20:31:34Z, startOfWeek=2000-01-03T00:00Z, endOfWeek=2000-01-09T23:59:59.999999999Z
2025-02-10 17:46:54 DEBUG [main] c.v.limits.service.LoadLimitService - Daily amount limit exceeded: customer=715, current=0, attempted=$5975.77
2025-02-10 17:46:54 WARN  [main] c.v.limits.service.LoadLimitService - Load rejected: id=30831, customer=715, amount=$5975.77 (limit exceeded)
2025-02-10 17:46:54 DEBUG [main] c.v.limits.service.LoadLimitService - Processing load request: id=25320, customer=613, amount=$3953.99, time=2000-01-03T21:32:56Z
2025-02-10 17:46:54 DEBUG [main] c.v.limits.service.LoadLimitService - Checking limits for time=2000-01-03T21:32:56Z, startOfWeek=2000-01-03T00:00Z, endOfWeek=2000-01-09T23:59:59.999999999Z
2025-02-10 17:46:54 DEBUG [main] c.v.limits.service.LoadLimitService - Daily amount limit exceeded: customer=613, current=3580.76, attempted=$3953.99
2025-02-10 17:46:54 WARN  [main] c.v.limits.service.LoadLimitService - Load rejected: id=25320, customer=613, amount=$3953.99 (limit exceeded)
2025-02-10 17:46:54 DEBUG [main] c.v.limits.service.LoadLimitService - Processing load request: id=3447, customer=205, amount=$5902.92, time=2000-01-03T22:34:18Z
2025-02-10 17:46:54 DEBUG [main] c.v.limits.service.LoadLimitService - Checking limits for time=2000-01-03T22:34:18Z, startOfWeek=2000-01-03T00:00Z, endOfWeek=2000-01-09T23:59:59.999999999Z
2025-02-10 17:46:54 DEBUG [main] c.v.limits.service.LoadLimitService - Daily amount limit exceeded: customer=205, current=0, attempted=$5902.92
2025-02-10 17:46:54 WARN  [main] c.v.limits.service.LoadLimitService - Load rejected: id=3447, customer=205, amount=$5902.92 (limit exceeded)
2025-02-10 17:46:54 DEBUG [main] c.v.limits.service.LoadLimitService - Processing load request: id=4611, customer=647, amount=$1691.03, time=2000-01-03T23:35:40Z
2025-02-10 17:46:54 DEBUG [main] c.v.limits.service.LoadLimitService - Checking limits for time=2000-01-03T23:35:40Z, startOfWeek=2000-01-03T00:00Z, endOfWeek=2000-01-09T23:59:59.999999999Z
2025-02-10 17:46:54 DEBUG [main] c.v.limits.service.LoadLimitService - Weekly total for customer=647: current=0, new=1691.03, limit=20000.00
2025-02-10 17:46:54 DEBUG [main] c.v.limits.service.LoadLimitService - Load saved successfully: id=4611, customer=647
2025-02-10 17:46:54 INFO  [main] c.v.limits.service.LoadLimitService - Load accepted: id=4611, customer=647, amount=$1691.03
2025-02-10 17:46:54 DEBUG [main] c.v.limits.service.LoadLimitService - Processing load request: id=2318, customer=647, amount=$1237.56, time=2000-01-04T00:37:02Z
2025-02-10 17:46:54 DEBUG [main] c.v.limits.service.LoadLimitService - Checking limits for time=2000-01-04T00:37:02Z, startOfWeek=2000-01-03T00:00Z, endOfWeek=2000-01-09T23:59:59.999999999Z
2025-02-10 17:46:54 DEBUG [main] c.v.limits.service.LoadLimitService - Weekly total for customer=647: current=1691.03, new=2928.59, limit=20000.00
2025-02-10 17:46:54 DEBUG [main] c.v.limits.service.LoadLimitService - Load saved successfully: id=2318, customer=647
2025-02-10 17:46:54 INFO  [main] c.v.limits.service.LoadLimitService - Load accepted: id=2318, customer=647, amount=$1237.56
2025-02-10 17:46:54 DEBUG [main] c.v.limits.service.LoadLimitService - Processing load request: id=5807, customer=324, amount=$1261.57, time=2000-01-04T01:38:24Z
2025-02-10 17:46:54 DEBUG [main] c.v.limits.service.LoadLimitService - Checking limits for time=2000-01-04T01:38:24Z, startOfWeek=2000-01-03T00:00Z, endOfWeek=2000-01-09T23:59:59.999999999Z
2025-02-10 17:46:54 DEBUG [main] c.v.limits.service.LoadLimitService - Weekly total for customer=324: current=0, new=1261.57, limit=20000.00
2025-02-10 17:46:54 DEBUG [main] c.v.limits.service.LoadLimitService - Load saved successfully: id=5807, customer=324
2025-02-10 17:46:54 INFO  [main] c.v.limits.service.LoadLimitService - Load accepted: id=5807, customer=324, amount=$1261.57
2025-02-10 17:46:54 DEBUG [main] c.v.limits.service.LoadLimitService - Processing load request: id=30675, customer=35, amount=$2221.81, time=2000-01-04T02:39:46Z
2025-02-10 17:46:54 DEBUG [main] c.v.limits.service.LoadLimitService - Checking limits for time=2000-01-04T02:39:46Z, startOfWeek=2000-01-03T00:00Z, endOfWeek=2000-01-09T23:59:59.999999999Z
2025-02-10 17:46:54 DEBUG [main] c.v.limits.service.LoadLimitService - Weekly total for customer=35: current=0, new=2221.81, limit=20000.00
2025-02-10 17:46:54 DEBUG [main] c.v.limits.service.LoadLimitService - Load saved successfully: id=30675, customer=35
2025-02-10 17:46:54 INFO  [main] c.v.limits.service.LoadLimitService - Load accepted: id=30675, customer=35, amount=$2221.81
2025-02-10 17:46:54 DEBUG [main] c.v.limits.service.LoadLimitService - Processing load request: id=10795, customer=52, amount=$4104.17, time=2000-01-04T03:41:08Z
2025-02-10 17:46:54 DEBUG [main] c.v.limits.service.LoadLimitService - Checking limits for time=2000-01-04T03:41:08Z, startOfWeek=2000-01-03T00:00Z, endOfWeek=2000-01-09T23:59:59.999999999Z
2025-02-10 17:46:54 DEBUG [main] c.v.limits.service.LoadLimitService - Weekly total for customer=52: current=0, new=4104.17, limit=20000.00
2025-02-10 17:46:54 DEBUG [main] c.v.limits.service.LoadLimitService - Load saved successfully: id=10795, customer=52
2025-02-10 17:46:54 INFO  [main] c.v.limits.service.LoadLimitService - Load accepted: id=10795, customer=52, amount=$4104.17
2025-02-10 17:46:54 DEBUG [main] c.v.limits.service.LoadLimitService - Processing load request: id=30470, customer=732, amount=$1789.96, time=2000-01-04T04:42:30Z
2025-02-10 17:46:54 DEBUG [main] c.v.limits.service.LoadLimitService - Checking limits for time=2000-01-04T04:42:30Z, startOfWeek=2000-01-03T00:00Z, endOfWeek=2000-01-09T23:59:59.999999999Z
2025-02-10 17:46:54 DEBUG [main] c.v.limits.service.LoadLimitService - Weekly total for customer=732: current=4011.66, new=5801.62, limit=20000.00
2025-02-10 17:46:54 DEBUG [main] c.v.limits.service.LoadLimitService - Load saved successfully: id=30470, customer=732
2025-02-10 17:46:54 INFO  [main] c.v.limits.service.LoadLimitService - Load accepted: id=30470, customer=732, amount=$1789.96
2025-02-10 17:46:54 DEBUG [main] c.v.limits.service.LoadLimitService - Processing load request: id=26632, customer=613, amount=$5825.20, time=2000-01-04T05:43:52Z
2025-02-10 17:46:54 DEBUG [main] c.v.limits.service.LoadLimitService - Checking limits for time=2000-01-04T05:43:52Z, startOfWeek=2000-01-03T00:00Z, endOfWeek=2000-01-09T23:59:59.999999999Z
2025-02-10 17:46:54 DEBUG [main] c.v.limits.service.LoadLimitService - Daily amount limit exceeded: customer=613, current=0, attempted=$5825.20
2025-02-10 17:46:54 WARN  [main] c.v.limits.service.LoadLimitService - Load rejected: id=26632, customer=613, amount=$5825.20 (limit exceeded)
2025-02-10 17:46:54 DEBUG [main] c.v.limits.service.LoadLimitService - Processing load request: id=5922, customer=171, amount=$2470.29, time=2000-01-04T06:45:14Z
2025-02-10 17:46:54 DEBUG [main] c.v.limits.service.LoadLimitService - Checking limits for time=2000-01-04T06:45:14Z, startOfWeek=2000-01-03T00:00Z, endOfWeek=2000-01-09T23:59:59.999999999Z
2025-02-10 17:46:54 DEBUG [main] c.v.limits.service.LoadLimitService - Weekly total for customer=171: current=1904.40, new=4374.69, limit=20000.00
2025-02-10 17:46:54 DEBUG [main] c.v.limits.service.LoadLimitService - Load saved successfully: id=5922, customer=171
2025-02-10 17:46:54 INFO  [main] c.v.limits.service.LoadLimitService - Load accepted: id=5922, customer=171, amount=$2470.29
2025-02-10 17:46:54 DEBUG [main] c.v.limits.service.LoadLimitService - Processing load request: id=6060, customer=188, amount=$524.20, time=2000-01-04T07:46:36Z
2025-02-10 17:46:54 DEBUG [main] c.v.limits.service.LoadLimitService - Checking limits for time=2000-01-04T07:46:36Z, startOfWeek=2000-01-03T00:00Z, endOfWeek=2000-01-09T23:59:59.999999999Z
2025-02-10 17:46:54 DEBUG [main] c.v.limits.service.LoadLimitService - Weekly total for customer=188: current=0, new=524.20, limit=20000.00
2025-02-10 17:46:54 DEBUG [main] c.v.limits.service.LoadLimitService - Load saved successfully: id=6060, customer=188
2025-02-10 17:46:54 INFO  [main] c.v.limits.service.LoadLimitService - Load accepted: id=6060, customer=188, amount=$524.20
2025-02-10 17:46:54 DEBUG [main] c.v.limits.service.LoadLimitService - Processing load request: id=24954, customer=494, amount=$3314.64, time=2000-01-04T08:47:58Z
2025-02-10 17:46:54 DEBUG [main] c.v.limits.service.LoadLimitService - Checking limits for time=2000-01-04T08:47:58Z, startOfWeek=2000-01-03T00:00Z, endOfWeek=2000-01-09T23:59:59.999999999Z
2025-02-10 17:46:54 DEBUG [main] c.v.limits.service.LoadLimitService - Weekly total for customer=494: current=1620.48, new=4935.12, limit=20000.00
2025-02-10 17:46:54 DEBUG [main] c.v.limits.service.LoadLimitService - Load saved successfully: id=24954, customer=494
2025-02-10 17:46:54 INFO  [main] c.v.limits.service.LoadLimitService - Load accepted: id=24954, customer=494, amount=$3314.64
2025-02-10 17:46:54 DEBUG [main] c.v.limits.service.LoadLimitService - Processing load request: id=5551, customer=171, amount=$3411.81, time=2000-01-04T09:49:20Z
2025-02-10 17:46:54 DEBUG [main] c.v.limits.service.LoadLimitService - Checking limits for time=2000-01-04T09:49:20Z, startOfWeek=2000-01-03T00:00Z, endOfWeek=2000-01-09T23:59:59.999999999Z
2025-02-10 17:46:54 DEBUG [main] c.v.limits.service.LoadLimitService - Daily amount limit exceeded: customer=171, current=2470.29, attempted=$3411.81
2025-02-10 17:46:54 WARN  [main] c.v.limits.service.LoadLimitService - Load rejected: id=5551, customer=171, amount=$3411.81 (limit exceeded)
2025-02-10 17:46:54 DEBUG [main] c.v.limits.service.LoadLimitService - Processing load request: id=23516, customer=120, amount=$3506.00, time=2000-01-04T10:50:42Z
2025-02-10 17:46:54 DEBUG [main] c.v.limits.service.LoadLimitService - Checking limits for time=2000-01-04T10:50:42Z, startOfWeek=2000-01-03T00:00Z, endOfWeek=2000-01-09T23:59:59.999999999Z
2025-02-10 17:46:54 DEBUG [main] c.v.limits.service.LoadLimitService - Weekly total for customer=120: current=0, new=3506.00, limit=20000.00
2025-02-10 17:46:54 DEBUG [main] c.v.limits.service.LoadLimitService - Load saved successfully: id=23516, customer=120
2025-02-10 17:46:54 INFO  [main] c.v.limits.service.LoadLimitService - Load accepted: id=23516, customer=120, amount=$3506.00
2025-02-10 17:46:54 DEBUG [main] c.v.limits.service.LoadLimitService - Processing load request: id=4637, customer=664, amount=$415.33, time=2000-01-04T11:52:04Z
2025-02-10 17:46:54 DEBUG [main] c.v.limits.service.LoadLimitService - Checking limits for time=2000-01-04T11:52:04Z, startOfWeek=2000-01-03T00:00Z, endOfWeek=2000-01-09T23:59:59.999999999Z
2025-02-10 17:46:54 DEBUG [main] c.v.limits.service.LoadLimitService - Weekly total for customer=664: current=0, new=415.33, limit=20000.00
2025-02-10 17:46:54 DEBUG [main] c.v.limits.service.LoadLimitService - Load saved successfully: id=4637, customer=664
2025-02-10 17:46:54 INFO  [main] c.v.limits.service.LoadLimitService - Load accepted: id=4637, customer=664, amount=$415.33
2025-02-10 17:46:54 DEBUG [main] c.v.limits.service.LoadLimitService - Processing load request: id=4804, customer=188, amount=$5766.85, time=2000-01-04T12:53:26Z
2025-02-10 17:46:54 DEBUG [main] c.v.limits.service.LoadLimitService - Checking limits for time=2000-01-04T12:53:26Z, startOfWeek=2000-01-03T00:00Z, endOfWeek=2000-01-09T23:59:59.999999999Z
2025-02-10 17:46:54 DEBUG [main] c.v.limits.service.LoadLimitService - Daily amount limit exceeded: customer=188, current=524.20, attempted=$5766.85
2025-02-10 17:46:54 WARN  [main] c.v.limits.service.LoadLimitService - Load rejected: id=4804, customer=188, amount=$5766.85 (limit exceeded)
2025-02-10 17:46:54 DEBUG [main] c.v.limits.service.LoadLimitService - Processing load request: id=15215, customer=154, amount=$5317.19, time=2000-01-04T13:54:48Z
2025-02-10 17:46:54 DEBUG [main] c.v.limits.service.LoadLimitService - Checking limits for time=2000-01-04T13:54:48Z, startOfWeek=2000-01-03T00:00Z, endOfWeek=2000-01-09T23:59:59.999999999Z
2025-02-10 17:46:54 DEBUG [main] c.v.limits.service.LoadLimitService - Daily amount limit exceeded: customer=154, current=0, attempted=$5317.19
2025-02-10 17:46:54 WARN  [main] c.v.limits.service.LoadLimitService - Load rejected: id=15215, customer=154, amount=$5317.19 (limit exceeded)
2025-02-10 17:46:54 DEBUG [main] c.v.limits.service.LoadLimitService - Processing load request: id=11040, customer=239, amount=$4386.62, time=2000-01-04T14:56:10Z
2025-02-10 17:46:54 DEBUG [main] c.v.limits.service.LoadLimitService - Checking limits for time=2000-01-04T14:56:10Z, startOfWeek=2000-01-03T00:00Z, endOfWeek=2000-01-09T23:59:59.999999999Z
2025-02-10 17:46:54 DEBUG [main] c.v.limits.service.LoadLimitService - Weekly total for customer=239: current=1991.83, new=6378.45, limit=20000.00
2025-02-10 17:46:54 DEBUG [main] c.v.limits.service.LoadLimitService - Load saved successfully: id=11040, customer=239
2025-02-10 17:46:54 INFO  [main] c.v.limits.service.LoadLimitService - Load accepted: id=11040, customer=239, amount=$4386.62
2025-02-10 17:46:54 DEBUG [main] c.v.limits.service.LoadLimitService - Processing load request: id=8000, customer=681, amount=$2192.84, time=2000-01-04T15:57:32Z
2025-02-10 17:46:54 DEBUG [main] c.v.limits.service.LoadLimitService - Checking limits for time=2000-01-04T15:57:32Z, startOfWeek=2000-01-03T00:00Z, endOfWeek=2000-01-09T23:59:59.999999999Z
2025-02-10 17:46:54 DEBUG [main] c.v.limits.service.LoadLimitService - Weekly total for customer=681: current=3188.44, new=5381.28, limit=20000.00
2025-02-10 17:46:54 DEBUG [main] c.v.limits.service.LoadLimitService - Load saved successfully: id=8000, customer=681
2025-02-10 17:46:54 INFO  [main] c.v.limits.service.LoadLimitService - Load accepted: id=8000, customer=681, amount=$2192.84
2025-02-10 17:46:54 DEBUG [main] c.v.limits.service.LoadLimitService - Processing load request: id=14235, customer=392, amount=$1964.43, time=2000-01-04T16:58:54Z
2025-02-10 17:46:54 DEBUG [main] c.v.limits.service.LoadLimitService - Checking limits for time=2000-01-04T16:58:54Z, startOfWeek=2000-01-03T00:00Z, endOfWeek=2000-01-09T23:59:59.999999999Z
2025-02-10 17:46:54 DEBUG [main] c.v.limits.service.LoadLimitService - Weekly total for customer=392: current=1042.08, new=3006.51, limit=20000.00
2025-02-10 17:46:54 DEBUG [main] c.v.limits.service.LoadLimitService - Load saved successfully: id=14235, customer=392
2025-02-10 17:46:54 INFO  [main] c.v.limits.service.LoadLimitService - Load accepted: id=14235, customer=392, amount=$1964.43
2025-02-10 17:46:54 DEBUG [main] c.v.limits.service.LoadLimitService - Processing load request: id=24390, customer=358, amount=$4605.74, time=2000-01-04T18:00:16Z
2025-02-10 17:46:54 DEBUG [main] c.v.limits.service.LoadLimitService - Checking limits for time=2000-01-04T18:00:16Z, startOfWeek=2000-01-03T00:00Z, endOfWeek=2000-01-09T23:59:59.999999999Z
2025-02-10 17:46:54 DEBUG [main] c.v.limits.service.LoadLimitService - Weekly total for customer=358: current=0, new=4605.74, limit=20000.00
2025-02-10 17:46:54 DEBUG [main] c.v.limits.service.LoadLimitService - Load saved successfully: id=24390, customer=358
2025-02-10 17:46:54 INFO  [main] c.v.limits.service.LoadLimitService - Load accepted: id=24390, customer=358, amount=$4605.74
2025-02-10 17:46:54 DEBUG [main] c.v.limits.service.LoadLimitService - Processing load request: id=4070, customer=324, amount=$5863.36, time=2000-01-04T19:01:38Z
2025-02-10 17:46:54 DEBUG [main] c.v.limits.service.LoadLimitService - Checking limits for time=2000-01-04T19:01:38Z, startOfWeek=2000-01-03T00:00Z, endOfWeek=2000-01-09T23:59:59.999999999Z
2025-02-10 17:46:54 DEBUG [main] c.v.limits.service.LoadLimitService - Daily amount limit exceeded: customer=324, current=1261.57, attempted=$5863.36
2025-02-10 17:46:54 WARN  [main] c.v.limits.service.LoadLimitService - Load rejected: id=4070, customer=324, amount=$5863.36 (limit exceeded)
2025-02-10 17:46:54 DEBUG [main] c.v.limits.service.LoadLimitService - Processing load request: id=5472, customer=647, amount=$2015.44, time=2000-01-04T20:03Z
2025-02-10 17:46:54 DEBUG [main] c.v.limits.service.LoadLimitService - Checking limits for time=2000-01-04T20:03Z, startOfWeek=2000-01-03T00:00Z, endOfWeek=2000-01-09T23:59:59.999999999Z
2025-02-10 17:46:54 DEBUG [main] c.v.limits.service.LoadLimitService - Weekly total for customer=647: current=2928.59, new=4944.03, limit=20000.00
2025-02-10 17:46:54 DEBUG [main] c.v.limits.service.LoadLimitService - Load saved successfully: id=5472, customer=647
2025-02-10 17:46:54 INFO  [main] c.v.limits.service.LoadLimitService - Load accepted: id=5472, customer=647, amount=$2015.44
2025-02-10 17:46:54 DEBUG [main] c.v.limits.service.LoadLimitService - Processing load request: id=16174, customer=766, amount=$4112.37, time=2000-01-04T21:04:22Z
2025-02-10 17:46:54 DEBUG [main] c.v.limits.service.LoadLimitService - Checking limits for time=2000-01-04T21:04:22Z, startOfWeek=2000-01-03T00:00Z, endOfWeek=2000-01-09T23:59:59.999999999Z
2025-02-10 17:46:54 DEBUG [main] c.v.limits.service.LoadLimitService - Weekly total for customer=766: current=0, new=4112.37, limit=20000.00
2025-02-10 17:46:54 DEBUG [main] c.v.limits.service.LoadLimitService - Load saved successfully: id=16174, customer=766
2025-02-10 17:46:54 INFO  [main] c.v.limits.service.LoadLimitService - Load accepted: id=16174, customer=766, amount=$4112.37
2025-02-10 17:46:54 DEBUG [main] c.v.limits.service.LoadLimitService - Processing load request: id=25293, customer=409, amount=$216.06, time=2000-01-04T22:05:44Z
2025-02-10 17:46:54 DEBUG [main] c.v.limits.service.LoadLimitService - Checking limits for time=2000-01-04T22:05:44Z, startOfWeek=2000-01-03T00:00Z, endOfWeek=2000-01-09T23:59:59.999999999Z
2025-02-10 17:46:54 DEBUG [main] c.v.limits.service.LoadLimitService - Weekly total for customer=409: current=0, new=216.06, limit=20000.00
2025-02-10 17:46:54 DEBUG [main] c.v.limits.service.LoadLimitService - Load saved successfully: id=25293, customer=409
2025-02-10 17:46:54 INFO  [main] c.v.limits.service.LoadLimitService - Load accepted: id=25293, customer=409, amount=$216.06
2025-02-10 17:46:54 DEBUG [main] c.v.limits.service.LoadLimitService - Processing load request: id=29352, customer=817, amount=$4274.20, time=2000-01-04T23:07:06Z
2025-02-10 17:46:54 DEBUG [main] c.v.limits.service.LoadLimitService - Checking limits for time=2000-01-04T23:07:06Z, startOfWeek=2000-01-03T00:00Z, endOfWeek=2000-01-09T23:59:59.999999999Z
2025-02-10 17:46:54 DEBUG [main] c.v.limits.service.LoadLimitService - Weekly total for customer=817: current=0, new=4274.20, limit=20000.00
2025-02-10 17:46:54 DEBUG [main] c.v.limits.service.LoadLimitService - Load saved successfully: id=29352, customer=817
2025-02-10 17:46:54 INFO  [main] c.v.limits.service.LoadLimitService - Load accepted: id=29352, customer=817, amount=$4274.20
2025-02-10 17:46:54 DEBUG [main] c.v.limits.service.LoadLimitService - Processing load request: id=6371, customer=375, amount=$2361.17, time=2000-01-05T00:08:28Z
2025-02-10 17:46:54 DEBUG [main] c.v.limits.service.LoadLimitService - Checking limits for time=2000-01-05T00:08:28Z, startOfWeek=2000-01-03T00:00Z, endOfWeek=2000-01-09T23:59:59.999999999Z
2025-02-10 17:46:54 DEBUG [main] c.v.limits.service.LoadLimitService - Weekly total for customer=375: current=0, new=2361.17, limit=20000.00
2025-02-10 17:46:54 DEBUG [main] c.v.limits.service.LoadLimitService - Load saved successfully: id=6371, customer=375
2025-02-10 17:46:54 INFO  [main] c.v.limits.service.LoadLimitService - Load accepted: id=6371, customer=375, amount=$2361.17
2025-02-10 17:46:54 DEBUG [main] c.v.limits.service.LoadLimitService - Processing load request: id=15265, customer=18, amount=$1986.82, time=2000-01-05T01:09:50Z
2025-02-10 17:46:54 DEBUG [main] c.v.limits.service.LoadLimitService - Checking limits for time=2000-01-05T01:09:50Z, startOfWeek=2000-01-03T00:00Z, endOfWeek=2000-01-09T23:59:59.999999999Z
2025-02-10 17:46:54 DEBUG [main] c.v.limits.service.LoadLimitService - Weekly total for customer=18: current=4616.02, new=6602.84, limit=20000.00
2025-02-10 17:46:54 DEBUG [main] c.v.limits.service.LoadLimitService - Load saved successfully: id=15265, customer=18
2025-02-10 17:46:54 INFO  [main] c.v.limits.service.LoadLimitService - Load accepted: id=15265, customer=18, amount=$1986.82
2025-02-10 17:46:54 DEBUG [main] c.v.limits.service.LoadLimitService - Processing load request: id=8592, customer=494, amount=$701.29, time=2000-01-05T02:11:12Z
2025-02-10 17:46:54 DEBUG [main] c.v.limits.service.LoadLimitService - Checking limits for time=2000-01-05T02:11:12Z, startOfWeek=2000-01-03T00:00Z, endOfWeek=2000-01-09T23:59:59.999999999Z
2025-02-10 17:46:54 DEBUG [main] c.v.limits.service.LoadLimitService - Weekly total for customer=494: current=4935.12, new=5636.41, limit=20000.00
2025-02-10 17:46:54 DEBUG [main] c.v.limits.service.LoadLimitService - Load saved successfully: id=8592, customer=494
2025-02-10 17:46:54 INFO  [main] c.v.limits.service.LoadLimitService - Load accepted: id=8592, customer=494, amount=$701.29
2025-02-10 17:46:54 DEBUG [main] c.v.limits.service.LoadLimitService - Processing load request: id=16721, customer=528, amount=$608.55, time=2000-01-05T03:12:34Z
2025-02-10 17:46:54 DEBUG [main] c.v.limits.service.LoadLimitService - Checking limits for time=2000-01-05T03:12:34Z, startOfWeek=2000-01-03T00:00Z, endOfWeek=2000-01-09T23:59:59.999999999Z
2025-02-10 17:46:54 DEBUG [main] c.v.limits.service.LoadLimitService - Weekly total for customer=528: current=0, new=608.55, limit=20000.00
2025-02-10 17:46:54 DEBUG [main] c.v.limits.service.LoadLimitService - Load saved successfully: id=16721, customer=528
2025-02-10 17:46:54 INFO  [main] c.v.limits.service.LoadLimitService - Load accepted: id=16721, customer=528, amount=$608.55
2025-02-10 17:46:54 DEBUG [main] c.v.limits.service.LoadLimitService - Processing load request: id=5343, customer=188, amount=$2310.53, time=2000-01-05T04:13:56Z
2025-02-10 17:46:54 DEBUG [main] c.v.limits.service.LoadLimitService - Checking limits for time=2000-01-05T04:13:56Z, startOfWeek=2000-01-03T00:00Z, endOfWeek=2000-01-09T23:59:59.999999999Z
2025-02-10 17:46:54 DEBUG [main] c.v.limits.service.LoadLimitService - Weekly total for customer=188: current=524.20, new=2834.73, limit=20000.00
2025-02-10 17:46:54 DEBUG [main] c.v.limits.service.LoadLimitService - Load saved successfully: id=5343, customer=188
2025-02-10 17:46:54 INFO  [main] c.v.limits.service.LoadLimitService - Load accepted: id=5343, customer=188, amount=$2310.53
2025-02-10 17:46:54 DEBUG [main] c.v.limits.service.LoadLimitService - Processing load request: id=7859, customer=273, amount=$5998.67, time=2000-01-05T05:15:18Z
2025-02-10 17:46:54 DEBUG [main] c.v.limits.service.LoadLimitService - Checking limits for time=2000-01-05T05:15:18Z, startOfWeek=2000-01-03T00:00Z, endOfWeek=2000-01-09T23:59:59.999999999Z
2025-02-10 17:46:54 DEBUG [main] c.v.limits.service.LoadLimitService - Daily amount limit exceeded: customer=273, current=0, attempted=$5998.67
2025-02-10 17:46:54 WARN  [main] c.v.limits.service.LoadLimitService - Load rejected: id=7859, customer=273, amount=$5998.67 (limit exceeded)
2025-02-10 17:46:54 DEBUG [main] c.v.limits.service.LoadLimitService - Processing load request: id=1008, customer=137, amount=$4755.28, time=2000-01-05T06:16:40Z
2025-02-10 17:46:54 DEBUG [main] c.v.limits.service.LoadLimitService - Checking limits for time=2000-01-05T06:16:40Z, startOfWeek=2000-01-03T00:00Z, endOfWeek=2000-01-09T23:59:59.999999999Z
2025-02-10 17:46:54 DEBUG [main] c.v.limits.service.LoadLimitService - Weekly total for customer=137: current=0, new=4755.28, limit=20000.00
2025-02-10 17:46:54 DEBUG [main] c.v.limits.service.LoadLimitService - Load saved successfully: id=1008, customer=137
2025-02-10 17:46:54 INFO  [main] c.v.limits.service.LoadLimitService - Load accepted: id=1008, customer=137, amount=$4755.28
2025-02-10 17:46:54 DEBUG [main] c.v.limits.service.LoadLimitService - Processing load request: id=12774, customer=52, amount=$1582.84, time=2000-01-05T07:18:02Z
2025-02-10 17:46:54 DEBUG [main] c.v.limits.service.LoadLimitService - Checking limits for time=2000-01-05T07:18:02Z, startOfWeek=2000-01-03T00:00Z, endOfWeek=2000-01-09T23:59:59.999999999Z
2025-02-10 17:46:54 DEBUG [main] c.v.limits.service.LoadLimitService - Weekly total for customer=52: current=4104.17, new=5687.01, limit=20000.00
2025-02-10 17:46:54 DEBUG [main] c.v.limits.service.LoadLimitService - Load saved successfully: id=12774, customer=52
2025-02-10 17:46:54 INFO  [main] c.v.limits.service.LoadLimitService - Load accepted: id=12774, customer=52, amount=$1582.84
2025-02-10 17:46:54 DEBUG [main] c.v.limits.service.LoadLimitService - Processing load request: id=11874, customer=426, amount=$2101.06, time=2000-01-05T08:19:24Z
2025-02-10 17:46:54 DEBUG [main] c.v.limits.service.LoadLimitService - Checking limits for time=2000-01-05T08:19:24Z, startOfWeek=2000-01-03T00:00Z, endOfWeek=2000-01-09T23:59:59.999999999Z
2025-02-10 17:46:54 DEBUG [main] c.v.limits.service.LoadLimitService - Weekly total for customer=426: current=0, new=2101.06, limit=20000.00
2025-02-10 17:46:54 DEBUG [main] c.v.limits.service.LoadLimitService - Load saved successfully: id=11874, customer=426
2025-02-10 17:46:54 INFO  [main] c.v.limits.service.LoadLimitService - Load accepted: id=11874, customer=426, amount=$2101.06
2025-02-10 17:46:54 DEBUG [main] c.v.limits.service.LoadLimitService - Processing load request: id=12286, customer=630, amount=$1544.67, time=2000-01-05T09:20:46Z
2025-02-10 17:46:54 DEBUG [main] c.v.limits.service.LoadLimitService - Checking limits for time=2000-01-05T09:20:46Z, startOfWeek=2000-01-03T00:00Z, endOfWeek=2000-01-09T23:59:59.999999999Z
2025-02-10 17:46:54 DEBUG [main] c.v.limits.service.LoadLimitService - Weekly total for customer=630: current=0, new=1544.67, limit=20000.00
2025-02-10 17:46:54 DEBUG [main] c.v.limits.service.LoadLimitService - Load saved successfully: id=12286, customer=630
2025-02-10 17:46:54 INFO  [main] c.v.limits.service.LoadLimitService - Load accepted: id=12286, customer=630, amount=$1544.67
2025-02-10 17:46:54 DEBUG [main] c.v.limits.service.LoadLimitService - Processing load request: id=14658, customer=239, amount=$4402.59, time=2000-01-05T10:22:08Z
2025-02-10 17:46:54 DEBUG [main] c.v.limits.service.LoadLimitService - Checking limits for time=2000-01-05T10:22:08Z, startOfWeek=2000-01-03T00:00Z, endOfWeek=2000-01-09T23:59:59.999999999Z
2025-02-10 17:46:54 DEBUG [main] c.v.limits.service.LoadLimitService - Weekly total for customer=239: current=6378.45, new=10781.04, limit=20000.00
2025-02-10 17:46:54 DEBUG [main] c.v.limits.service.LoadLimitService - Load saved successfully: id=14658, customer=239
2025-02-10 17:46:54 INFO  [main] c.v.limits.service.LoadLimitService - Load accepted: id=14658, customer=239, amount=$4402.59
2025-02-10 17:46:54 DEBUG [main] c.v.limits.service.LoadLimitService - Processing load request: id=3723, customer=783, amount=$4467.24, time=2000-01-05T11:23:30Z
2025-02-10 17:46:54 DEBUG [main] c.v.limits.service.LoadLimitService - Checking limits for time=2000-01-05T11:23:30Z, startOfWeek=2000-01-03T00:00Z, endOfWeek=2000-01-09T23:59:59.999999999Z
2025-02-10 17:46:54 DEBUG [main] c.v.limits.service.LoadLimitService - Weekly total for customer=783: current=0, new=4467.24, limit=20000.00
2025-02-10 17:46:54 DEBUG [main] c.v.limits.service.LoadLimitService - Load saved successfully: id=3723, customer=783
2025-02-10 17:46:54 INFO  [main] c.v.limits.service.LoadLimitService - Load accepted: id=3723, customer=783, amount=$4467.24
2025-02-10 17:46:54 DEBUG [main] c.v.limits.service.LoadLimitService - Processing load request: id=23657, customer=630, amount=$5633.74, time=2000-01-05T12:24:52Z
2025-02-10 17:46:54 DEBUG [main] c.v.limits.service.LoadLimitService - Checking limits for time=2000-01-05T12:24:52Z, startOfWeek=2000-01-03T00:00Z, endOfWeek=2000-01-09T23:59:59.999999999Z
2025-02-10 17:46:54 DEBUG [main] c.v.limits.service.LoadLimitService - Daily amount limit exceeded: customer=630, current=1544.67, attempted=$5633.74
2025-02-10 17:46:54 WARN  [main] c.v.limits.service.LoadLimitService - Load rejected: id=23657, customer=630, amount=$5633.74 (limit exceeded)
2025-02-10 17:46:54 DEBUG [main] c.v.limits.service.LoadLimitService - Processing load request: id=20531, customer=664, amount=$3181.46, time=2000-01-05T13:26:14Z
2025-02-10 17:46:54 DEBUG [main] c.v.limits.service.LoadLimitService - Checking limits for time=2000-01-05T13:26:14Z, startOfWeek=2000-01-03T00:00Z, endOfWeek=2000-01-09T23:59:59.999999999Z
[...]
2025-02-10 17:46:57 DEBUG [main] c.v.limits.service.LoadLimitService - Weekly total for customer=528: current=0, new=2201.20, limit=20000.00
2025-02-10 17:46:57 DEBUG [main] c.v.limits.service.LoadLimitService - Load saved successfully: id=23861, customer=528
2025-02-10 17:46:57 INFO  [main] c.v.limits.service.LoadLimitService - Load accepted: id=23861, customer=528, amount=$2201.20
2025-02-10 17:46:57 DEBUG [main] c.v.limits.service.LoadLimitService - Processing load request: id=6082, customer=460, amount=$4773.93, time=2000-02-12T09:39:50Z
2025-02-10 17:46:57 DEBUG [main] c.v.limits.service.LoadLimitService - Checking limits for time=2000-02-12T09:39:50Z, startOfWeek=2000-02-07T00:00Z, endOfWeek=2000-02-13T23:59:59.999999999Z
2025-02-10 17:46:57 DEBUG [main] c.v.limits.service.LoadLimitService - Weekly total for customer=460: current=2695.84, new=7469.77, limit=20000.00
2025-02-10 17:46:57 DEBUG [main] c.v.limits.service.LoadLimitService - Load saved successfully: id=6082, customer=460
2025-02-10 17:46:57 INFO  [main] c.v.limits.service.LoadLimitService - Load accepted: id=6082, customer=460, amount=$4773.93
2025-02-10 17:46:57 DEBUG [main] c.v.limits.service.LoadLimitService - Processing load request: id=17742, customer=477, amount=$3490.83, time=2000-02-12T10:41:12Z
2025-02-10 17:46:57 DEBUG [main] c.v.limits.service.LoadLimitService - Checking limits for time=2000-02-12T10:41:12Z, startOfWeek=2000-02-07T00:00Z, endOfWeek=2000-02-13T23:59:59.999999999Z
2025-02-10 17:46:57 DEBUG [main] c.v.limits.service.LoadLimitService - Weekly total for customer=477: current=1556.99, new=5047.82, limit=20000.00
2025-02-10 17:46:57 DEBUG [main] c.v.limits.service.LoadLimitService - Load saved successfully: id=17742, customer=477
2025-02-10 17:46:57 INFO  [main] c.v.limits.service.LoadLimitService - Load accepted: id=17742, customer=477, amount=$3490.83
2025-02-10 17:46:57 DEBUG [main] c.v.limits.service.LoadLimitService - Processing load request: id=31634, customer=494, amount=$5159.54, time=2000-02-12T11:42:34Z
2025-02-10 17:46:57 DEBUG [main] c.v.limits.service.LoadLimitService - Checking limits for time=2000-02-12T11:42:34Z, startOfWeek=2000-02-07T00:00Z, endOfWeek=2000-02-13T23:59:59.999999999Z
2025-02-10 17:46:57 DEBUG [main] c.v.limits.service.LoadLimitService - Daily amount limit exceeded: customer=494, current=0, attempted=$5159.54
2025-02-10 17:46:57 WARN  [main] c.v.limits.service.LoadLimitService - Load rejected: id=31634, customer=494, amount=$5159.54 (limit exceeded)
2025-02-10 17:46:57 DEBUG [main] c.v.limits.service.LoadLimitService - Processing load request: id=1897, customer=409, amount=$3412.50, time=2000-02-12T12:43:56Z
2025-02-10 17:46:57 DEBUG [main] c.v.limits.service.LoadLimitService - Checking limits for time=2000-02-12T12:43:56Z, startOfWeek=2000-02-07T00:00Z, endOfWeek=2000-02-13T23:59:59.999999999Z
2025-02-10 17:46:57 DEBUG [main] c.v.limits.service.LoadLimitService - Weekly total for customer=409: current=2664.06, new=6076.56, limit=20000.00
2025-02-10 17:46:57 DEBUG [main] c.v.limits.service.LoadLimitService - Load saved successfully: id=1897, customer=409
2025-02-10 17:46:57 INFO  [main] c.v.limits.service.LoadLimitService - Load accepted: id=1897, customer=409, amount=$3412.50
2025-02-10 17:46:57 DEBUG [main] c.v.limits.service.LoadLimitService - Processing load request: id=29255, customer=494, amount=$4601.23, time=2000-02-12T13:45:18Z
2025-02-10 17:46:57 DEBUG [main] c.v.limits.service.LoadLimitService - Checking limits for time=2000-02-12T13:45:18Z, startOfWeek=2000-02-07T00:00Z, endOfWeek=2000-02-13T23:59:59.999999999Z
2025-02-10 17:46:57 DEBUG [main] c.v.limits.service.LoadLimitService - Weekly total for customer=494: current=7538.95, new=12140.18, limit=20000.00
2025-02-10 17:46:57 DEBUG [main] c.v.limits.service.LoadLimitService - Load saved successfully: id=29255, customer=494
2025-02-10 17:46:57 INFO  [main] c.v.limits.service.LoadLimitService - Load accepted: id=29255, customer=494, amount=$4601.23
2025-02-10 17:46:57 DEBUG [main] c.v.limits.service.LoadLimitService - Processing load request: id=1234, customer=1234, amount=$4000.00, time=2018-01-01T00:00Z
2025-02-10 17:46:57 DEBUG [main] c.v.limits.service.LoadLimitService - Checking limits for time=2018-01-01T00:00Z, startOfWeek=2018-01-01T00:00Z, endOfWeek=2018-01-07T23:59:59.999999999Z
2025-02-10 17:46:57 DEBUG [main] c.v.limits.service.LoadLimitService - Weekly total for customer=1234: current=0, new=4000.00, limit=20000.00
2025-02-10 17:46:57 DEBUG [main] c.v.limits.service.LoadLimitService - Load saved successfully: id=1234, customer=1234
2025-02-10 17:46:57 INFO  [main] c.v.limits.service.LoadLimitService - Load accepted: id=1234, customer=1234, amount=$4000.00
2025-02-10 17:46:57 DEBUG [main] c.v.limits.service.LoadLimitService - Processing load request: id=1235, customer=1234, amount=$2000.00, time=2018-01-01T01:00Z
2025-02-10 17:46:57 DEBUG [main] c.v.limits.service.LoadLimitService - Checking limits for time=2018-01-01T01:00Z, startOfWeek=2018-01-01T00:00Z, endOfWeek=2018-01-07T23:59:59.999999999Z
2025-02-10 17:46:57 DEBUG [main] c.v.limits.service.LoadLimitService - Daily amount limit exceeded: customer=1234, current=4000.00, attempted=$2000.00
2025-02-10 17:46:57 WARN  [main] c.v.limits.service.LoadLimitService - Load rejected: id=1235, customer=1234, amount=$2000.00 (limit exceeded)
]]></system-out>
  </testcase>
  <testcase name="shouldResetWeeklyLimitNextWeek" classname="com.velocity.limits.service.LoadLimitServiceTest" time="0.028">
    <system-out><![CDATA[2025-02-10 17:46:57 DEBUG [main] c.v.limits.service.LoadLimitService - Processing load request: id=1, customer=1234, amount=$4000.00, time=2018-01-01T00:00Z
2025-02-10 17:46:57 DEBUG [main] c.v.limits.service.LoadLimitService - Checking limits for time=2018-01-01T00:00Z, startOfWeek=2018-01-01T00:00Z, endOfWeek=2018-01-07T23:59:59.999999999Z
2025-02-10 17:46:57 DEBUG [main] c.v.limits.service.LoadLimitService - Weekly total for customer=1234: current=0, new=4000.00, limit=20000.00
2025-02-10 17:46:57 DEBUG [main] c.v.limits.service.LoadLimitService - Load saved successfully: id=1, customer=1234
2025-02-10 17:46:57 INFO  [main] c.v.limits.service.LoadLimitService - Load accepted: id=1, customer=1234, amount=$4000.00
2025-02-10 17:46:57 DEBUG [main] c.v.limits.service.LoadLimitService - Processing load request: id=2, customer=1234, amount=$4000.00, time=2018-01-02T00:00Z
2025-02-10 17:46:57 DEBUG [main] c.v.limits.service.LoadLimitService - Checking limits for time=2018-01-02T00:00Z, startOfWeek=2018-01-01T00:00Z, endOfWeek=2018-01-07T23:59:59.999999999Z
2025-02-10 17:46:57 DEBUG [main] c.v.limits.service.LoadLimitService - Weekly total for customer=1234: current=4000.00, new=8000.00, limit=20000.00
2025-02-10 17:46:57 DEBUG [main] c.v.limits.service.LoadLimitService - Load saved successfully: id=2, customer=1234
2025-02-10 17:46:57 INFO  [main] c.v.limits.service.LoadLimitService - Load accepted: id=2, customer=1234, amount=$4000.00
2025-02-10 17:46:57 DEBUG [main] c.v.limits.service.LoadLimitService - Processing load request: id=3, customer=1234, amount=$4000.00, time=2018-01-03T00:00Z
2025-02-10 17:46:57 DEBUG [main] c.v.limits.service.LoadLimitService - Checking limits for time=2018-01-03T00:00Z, startOfWeek=2018-01-01T00:00Z, endOfWeek=2018-01-07T23:59:59.999999999Z
2025-02-10 17:46:57 DEBUG [main] c.v.limits.service.LoadLimitService - Weekly total for customer=1234: current=8000.00, new=12000.00, limit=20000.00
2025-02-10 17:46:57 DEBUG [main] c.v.limits.service.LoadLimitService - Load saved successfully: id=3, customer=1234
2025-02-10 17:46:57 INFO  [main] c.v.limits.service.LoadLimitService - Load accepted: id=3, customer=1234, amount=$4000.00
2025-02-10 17:46:57 DEBUG [main] c.v.limits.service.LoadLimitService - Processing load request: id=4, customer=1234, amount=$4000.00, time=2018-01-08T00:00Z
2025-02-10 17:46:57 DEBUG [main] c.v.limits.service.LoadLimitService - Checking limits for time=2018-01-08T00:00Z, startOfWeek=2018-01-08T00:00Z, endOfWeek=2018-01-14T23:59:59.999999999Z
2025-02-10 17:46:57 DEBUG [main] c.v.limits.service.LoadLimitService - Weekly total for customer=1234: current=0, new=4000.00, limit=20000.00
2025-02-10 17:46:57 DEBUG [main] c.v.limits.service.LoadLimitService - Load saved successfully: id=4, customer=1234
2025-02-10 17:46:57 INFO  [main] c.v.limits.service.LoadLimitService - Load accepted: id=4, customer=1234, amount=$4000.00
]]></system-out>
  </testcase>
  <testcase name="shouldRejectDailyLoadCountExceeded" classname="com.velocity.limits.service.LoadLimitServiceTest" time="0.022">
    <system-out><![CDATA[2025-02-10 17:46:57 DEBUG [main] c.v.limits.service.LoadLimitService - Processing load request: id=1, customer=1234, amount=$1000.00, time=2018-01-01T00:00Z
2025-02-10 17:46:57 DEBUG [main] c.v.limits.service.LoadLimitService - Checking limits for time=2018-01-01T00:00Z, startOfWeek=2018-01-01T00:00Z, endOfWeek=2018-01-07T23:59:59.999999999Z
2025-02-10 17:46:57 DEBUG [main] c.v.limits.service.LoadLimitService - Weekly total for customer=1234: current=0, new=1000.00, limit=20000.00
2025-02-10 17:46:57 DEBUG [main] c.v.limits.service.LoadLimitService - Load saved successfully: id=1, customer=1234
2025-02-10 17:46:57 INFO  [main] c.v.limits.service.LoadLimitService - Load accepted: id=1, customer=1234, amount=$1000.00
2025-02-10 17:46:57 DEBUG [main] c.v.limits.service.LoadLimitService - Processing load request: id=2, customer=1234, amount=$1000.00, time=2018-01-01T01:00Z
2025-02-10 17:46:57 DEBUG [main] c.v.limits.service.LoadLimitService - Checking limits for time=2018-01-01T01:00Z, startOfWeek=2018-01-01T00:00Z, endOfWeek=2018-01-07T23:59:59.999999999Z
2025-02-10 17:46:57 DEBUG [main] c.v.limits.service.LoadLimitService - Weekly total for customer=1234: current=1000.00, new=2000.00, limit=20000.00
2025-02-10 17:46:57 DEBUG [main] c.v.limits.service.LoadLimitService - Load saved successfully: id=2, customer=1234
2025-02-10 17:46:57 INFO  [main] c.v.limits.service.LoadLimitService - Load accepted: id=2, customer=1234, amount=$1000.00
2025-02-10 17:46:57 DEBUG [main] c.v.limits.service.LoadLimitService - Processing load request: id=3, customer=1234, amount=$1000.00, time=2018-01-01T02:00Z
2025-02-10 17:46:57 DEBUG [main] c.v.limits.service.LoadLimitService - Checking limits for time=2018-01-01T02:00Z, startOfWeek=2018-01-01T00:00Z, endOfWeek=2018-01-07T23:59:59.999999999Z
2025-02-10 17:46:57 DEBUG [main] c.v.limits.service.LoadLimitService - Weekly total for customer=1234: current=2000.00, new=3000.00, limit=20000.00
2025-02-10 17:46:57 DEBUG [main] c.v.limits.service.LoadLimitService - Load saved successfully: id=3, customer=1234
2025-02-10 17:46:57 INFO  [main] c.v.limits.service.LoadLimitService - Load accepted: id=3, customer=1234, amount=$1000.00
2025-02-10 17:46:57 DEBUG [main] c.v.limits.service.LoadLimitService - Processing load request: id=4, customer=1234, amount=$1000.00, time=2018-01-01T03:00Z
2025-02-10 17:46:57 DEBUG [main] c.v.limits.service.LoadLimitService - Checking limits for time=2018-01-01T03:00Z, startOfWeek=2018-01-01T00:00Z, endOfWeek=2018-01-07T23:59:59.999999999Z
2025-02-10 17:46:57 DEBUG [main] c.v.limits.service.LoadLimitService - Daily load count limit exceeded: customer=1234, count=3
2025-02-10 17:46:57 WARN  [main] c.v.limits.service.LoadLimitService - Load rejected: id=4, customer=1234, amount=$1000.00 (limit exceeded)
]]></system-out>
  </testcase>
  <testcase name="shouldIgnoreDuplicateLoadId" classname="com.velocity.limits.service.LoadLimitServiceTest" time="0.013">
    <system-out><![CDATA[2025-02-10 17:46:57 DEBUG [main] c.v.limits.service.LoadLimitService - Processing load request: id=1234, customer=1234, amount=$1000.00, time=2018-01-01T00:00Z
2025-02-10 17:46:57 DEBUG [main] c.v.limits.service.LoadLimitService - Checking limits for time=2018-01-01T00:00Z, startOfWeek=2018-01-01T00:00Z, endOfWeek=2018-01-07T23:59:59.999999999Z
2025-02-10 17:46:57 DEBUG [main] c.v.limits.service.LoadLimitService - Weekly total for customer=1234: current=0, new=1000.00, limit=20000.00
2025-02-10 17:46:57 DEBUG [main] c.v.limits.service.LoadLimitService - Load saved successfully: id=1234, customer=1234
2025-02-10 17:46:57 INFO  [main] c.v.limits.service.LoadLimitService - Load accepted: id=1234, customer=1234, amount=$1000.00
2025-02-10 17:46:57 DEBUG [main] c.v.limits.service.LoadLimitService - Processing load request: id=1234, customer=1234, amount=$1000.00, time=2018-01-01T00:00Z
2025-02-10 17:46:57 INFO  [main] c.v.limits.service.LoadLimitService - Duplicate load detected: id=1234, customer=1234
]]></system-out>
  </testcase>
  <testcase name="shouldResetDailyLimitNextDay" classname="com.velocity.limits.service.LoadLimitServiceTest" time="0.013">
    <system-out><![CDATA[2025-02-10 17:46:57 DEBUG [main] c.v.limits.service.LoadLimitService - Processing load request: id=1, customer=1234, amount=$4000.00, time=2018-01-01T00:00Z
2025-02-10 17:46:57 DEBUG [main] c.v.limits.service.LoadLimitService - Checking limits for time=2018-01-01T00:00Z, startOfWeek=2018-01-01T00:00Z, endOfWeek=2018-01-07T23:59:59.999999999Z
2025-02-10 17:46:57 DEBUG [main] c.v.limits.service.LoadLimitService - Weekly total for customer=1234: current=0, new=4000.00, limit=20000.00
2025-02-10 17:46:57 DEBUG [main] c.v.limits.service.LoadLimitService - Load saved successfully: id=1, customer=1234
2025-02-10 17:46:57 INFO  [main] c.v.limits.service.LoadLimitService - Load accepted: id=1, customer=1234, amount=$4000.00
2025-02-10 17:46:57 DEBUG [main] c.v.limits.service.LoadLimitService - Processing load request: id=2, customer=1234, amount=$4000.00, time=2018-01-02T00:00Z
2025-02-10 17:46:57 DEBUG [main] c.v.limits.service.LoadLimitService - Checking limits for time=2018-01-02T00:00Z, startOfWeek=2018-01-01T00:00Z, endOfWeek=2018-01-07T23:59:59.999999999Z
2025-02-10 17:46:57 DEBUG [main] c.v.limits.service.LoadLimitService - Weekly total for customer=1234: current=4000.00, new=8000.00, limit=20000.00
2025-02-10 17:46:57 DEBUG [main] c.v.limits.service.LoadLimitService - Load saved successfully: id=2, customer=1234
2025-02-10 17:46:57 INFO  [main] c.v.limits.service.LoadLimitService - Load accepted: id=2, customer=1234, amount=$4000.00
]]></system-out>
  </testcase>
  <testcase name="shouldHandleMultipleCustomers" classname="com.velocity.limits.service.LoadLimitServiceTest" time="0.003"/>
  <testcase name="shouldRejectLoadInSameWeek" classname="com.velocity.limits.service.LoadLimitServiceTest" time="0.02">
    <system-out><![CDATA[2025-02-10 17:46:57 DEBUG [main] c.v.limits.service.LoadLimitService - Processing load request: id=1, customer=1234, amount=$4900.00, time=2018-01-01T00:00Z
2025-02-10 17:46:57 DEBUG [main] c.v.limits.service.LoadLimitService - Checking limits for time=2018-01-01T00:00Z, startOfWeek=2018-01-01T00:00Z, endOfWeek=2018-01-07T23:59:59.999999999Z
2025-02-10 17:46:57 DEBUG [main] c.v.limits.service.LoadLimitService - Weekly total for customer=1234: current=0, new=4900.00, limit=20000.00
2025-02-10 17:46:57 DEBUG [main] c.v.limits.service.LoadLimitService - Load saved successfully: id=1, customer=1234
2025-02-10 17:46:57 INFO  [main] c.v.limits.service.LoadLimitService - Load accepted: id=1, customer=1234, amount=$4900.00
2025-02-10 17:46:57 DEBUG [main] c.v.limits.service.LoadLimitService - Processing load request: id=2, customer=1234, amount=$4900.00, time=2018-01-02T00:00Z
2025-02-10 17:46:57 DEBUG [main] c.v.limits.service.LoadLimitService - Checking limits for time=2018-01-02T00:00Z, startOfWeek=2018-01-01T00:00Z, endOfWeek=2018-01-07T23:59:59.999999999Z
2025-02-10 17:46:57 DEBUG [main] c.v.limits.service.LoadLimitService - Weekly total for customer=1234: current=4900.00, new=9800.00, limit=20000.00
2025-02-10 17:46:57 DEBUG [main] c.v.limits.service.LoadLimitService - Load saved successfully: id=2, customer=1234
2025-02-10 17:46:57 INFO  [main] c.v.limits.service.LoadLimitService - Load accepted: id=2, customer=1234, amount=$4900.00
2025-02-10 17:46:57 DEBUG [main] c.v.limits.service.LoadLimitService - Processing load request: id=3, customer=1234, amount=$4900.00, time=2018-01-03T00:00Z
2025-02-10 17:46:57 DEBUG [main] c.v.limits.service.LoadLimitService - Checking limits for time=2018-01-03T00:00Z, startOfWeek=2018-01-01T00:00Z, endOfWeek=2018-01-07T23:59:59.999999999Z
2025-02-10 17:46:57 DEBUG [main] c.v.limits.service.LoadLimitService - Weekly total for customer=1234: current=9800.00, new=14700.00, limit=20000.00
2025-02-10 17:46:57 DEBUG [main] c.v.limits.service.LoadLimitService - Load saved successfully: id=3, customer=1234
2025-02-10 17:46:57 INFO  [main] c.v.limits.service.LoadLimitService - Load accepted: id=3, customer=1234, amount=$4900.00
2025-02-10 17:46:57 DEBUG [main] c.v.limits.service.LoadLimitService - Processing load request: id=4, customer=1234, amount=$6000.00, time=2018-01-04T00:00Z
2025-02-10 17:46:57 DEBUG [main] c.v.limits.service.LoadLimitService - Checking limits for time=2018-01-04T00:00Z, startOfWeek=2018-01-01T00:00Z, endOfWeek=2018-01-07T23:59:59.999999999Z
2025-02-10 17:46:57 DEBUG [main] c.v.limits.service.LoadLimitService - Daily amount limit exceeded: customer=1234, current=0, attempted=$6000.00
2025-02-10 17:46:57 WARN  [main] c.v.limits.service.LoadLimitService - Load rejected: id=4, customer=1234, amount=$6000.00 (limit exceeded)
]]></system-out>
  </testcase>
  <testcase name="shouldRejectWeeklyLimitExceeded" classname="com.velocity.limits.service.LoadLimitServiceTest" time="0.01">
    <system-out><![CDATA[2025-02-10 17:46:57 DEBUG [main] c.v.limits.service.LoadLimitService - Processing load request: id=1, customer=1234, amount=$15000.00, time=2018-01-01T00:00Z
2025-02-10 17:46:57 DEBUG [main] c.v.limits.service.LoadLimitService - Checking limits for time=2018-01-01T00:00Z, startOfWeek=2018-01-01T00:00Z, endOfWeek=2018-01-07T23:59:59.999999999Z
2025-02-10 17:46:57 DEBUG [main] c.v.limits.service.LoadLimitService - Daily amount limit exceeded: customer=1234, current=0, attempted=$15000.00
2025-02-10 17:46:57 WARN  [main] c.v.limits.service.LoadLimitService - Load rejected: id=1, customer=1234, amount=$15000.00 (limit exceeded)
2025-02-10 17:46:57 DEBUG [main] c.v.limits.service.LoadLimitService - Processing load request: id=2, customer=1234, amount=$6000.00, time=2018-01-02T00:00Z
2025-02-10 17:46:57 DEBUG [main] c.v.limits.service.LoadLimitService - Checking limits for time=2018-01-02T00:00Z, startOfWeek=2018-01-01T00:00Z, endOfWeek=2018-01-07T23:59:59.999999999Z
2025-02-10 17:46:57 DEBUG [main] c.v.limits.service.LoadLimitService - Daily amount limit exceeded: customer=1234, current=0, attempted=$6000.00
2025-02-10 17:46:57 WARN  [main] c.v.limits.service.LoadLimitService - Load rejected: id=2, customer=1234, amount=$6000.00 (limit exceeded)
]]></system-out>
  </testcase>
  <testcase name="shouldAcceptValidLoad" classname="com.velocity.limits.service.LoadLimitServiceTest" time="0.014">
    <system-out><![CDATA[2025-02-10 17:46:57 DEBUG [main] c.v.limits.service.LoadLimitService - Processing load request: id=1234, customer=1234, amount=$4000.00, time=2018-01-01T00:00Z
2025-02-10 17:46:57 DEBUG [main] c.v.limits.service.LoadLimitService - Checking limits for time=2018-01-01T00:00Z, startOfWeek=2018-01-01T00:00Z, endOfWeek=2018-01-07T23:59:59.999999999Z
2025-02-10 17:46:57 DEBUG [main] c.v.limits.service.LoadLimitService - Weekly total for customer=1234: current=0, new=4000.00, limit=20000.00
2025-02-10 17:46:57 DEBUG [main] c.v.limits.service.LoadLimitService - Load saved successfully: id=1234, customer=1234
2025-02-10 17:46:57 INFO  [main] c.v.limits.service.LoadLimitService - Load accepted: id=1234, customer=1234, amount=$4000.00
]]></system-out>
  </testcase>
</testsuite>